{"numTotalTestSuites":10,"numPassedTestSuites":6,"numFailedTestSuites":4,"numPendingTestSuites":0,"numTotalTests":33,"numPassedTests":27,"numFailedTests":6,"numPendingTests":0,"numTodoTests":0,"snapshot":{"added":0,"failure":false,"filesAdded":0,"filesRemoved":0,"filesRemovedList":[],"filesUnmatched":0,"filesUpdated":0,"matched":0,"total":0,"unchecked":0,"uncheckedKeysByFile":[],"unmatched":0,"updated":0,"didUpdate":false},"startTime":1772860770830,"success":false,"testResults":[{"assertionResults":[{"ancestorTitles":["Type Shape Validation"],"fullName":"Type Shape Validation ProjectMember matches backend ProjectMemberResponse (no legacy id/name fields)","status":"passed","title":"ProjectMember matches backend ProjectMemberResponse (no legacy id/name fields)","duration":1.6828999999997905,"failureMessages":[],"meta":{}},{"ancestorTitles":["Type Shape Validation"],"fullName":"Type Shape Validation InvitationListItem matches backend InvitationListItemResponse","status":"passed","title":"InvitationListItem matches backend InvitationListItemResponse","duration":0.5646999999999025,"failureMessages":[],"meta":{}},{"ancestorTitles":["Type Shape Validation"],"fullName":"Type Shape Validation NotificationItem matches backend NotificationListItemResponse","status":"passed","title":"NotificationItem matches backend NotificationListItemResponse","duration":0.43160000000034415,"failureMessages":[],"meta":{}}],"startTime":1772860774448,"endTime":1772860774450.5647,"status":"passed","message":"","name":"C:/Users/dce23/EasyWork/frontend/src/test/types.test.ts"},{"assertionResults":[{"ancestorTitles":["AccountSettingsPage"],"fullName":"AccountSettingsPage renders password change form fields","status":"failed","title":"renders password change form fields","duration":80.01069999999982,"failureMessages":["TestingLibraryElementError: Found multiple elements with the text: 鍮꾨?踰덊샇 蹂寃?n\nHere are the matching elements:\n\nIgnored nodes: comments, script, style\n\u001b[36m<h2\u001b[39m\n  \u001b[33mclass\u001b[39m=\u001b[32m\"text-[var(--text-base)] font-bold text-[var(--color-text-primary)] m-0 mb-[var(--spacing-base)] flex items-center gap-[var(--spacing-sm)]\"\u001b[39m\n\u001b[36m>\u001b[39m\n  \u001b[36m<svg\u001b[39m\n    \u001b[33maria-hidden\u001b[39m=\u001b[32m\"true\"\u001b[39m\n    \u001b[33mclass\u001b[39m=\u001b[32m\"lucide lucide-lock\"\u001b[39m\n    \u001b[33mfill\u001b[39m=\u001b[32m\"none\"\u001b[39m\n    \u001b[33mheight\u001b[39m=\u001b[32m\"16\"\u001b[39m\n    \u001b[33mstroke\u001b[39m=\u001b[32m\"currentColor\"\u001b[39m\n    \u001b[33mstroke-linecap\u001b[39m=\u001b[32m\"round\"\u001b[39m\n    \u001b[33mstroke-linejoin\u001b[39m=\u001b[32m\"round\"\u001b[39m\n    \u001b[33mstroke-width\u001b[39m=\u001b[32m\"2\"\u001b[39m\n    \u001b[33mviewBox\u001b[39m=\u001b[32m\"0 0 24 24\"\u001b[39m\n    \u001b[33mwidth\u001b[39m=\u001b[32m\"16\"\u001b[39m\n    \u001b[33mxmlns\u001b[39m=\u001b[32m\"http://www.w3.org/2000/svg\"\u001b[39m\n  \u001b[36m>\u001b[39m\n    \u001b[36m<rect\u001b[39m\n      \u001b[33mheight\u001b[39m=\u001b[32m\"11\"\u001b[39m\n      \u001b[33mrx\u001b[39m=\u001b[32m\"2\"\u001b[39m\n      \u001b[33mry\u001b[39m=\u001b[32m\"2\"\u001b[39m\n      \u001b[33mwidth\u001b[39m=\u001b[32m\"18\"\u001b[39m\n      \u001b[33mx\u001b[39m=\u001b[32m\"3\"\u001b[39m\n      \u001b[33my\u001b[39m=\u001b[32m\"11\"\u001b[39m\n    \u001b[36m/>\u001b[39m\n    \u001b[36m<path\u001b[39m\n      \u001b[33md\u001b[39m=\u001b[32m\"M7 11V7a5 5 0 0 1 10 0v4\"\u001b[39m\n    \u001b[36m/>\u001b[39m\n  \u001b[36m</svg>\u001b[39m\n  \u001b[0m鍮꾨?踰덊샇 蹂寃?u001b[0m\n\u001b[36m</h2>\u001b[39m\n\nIgnored nodes: comments, script, style\n\u001b[36m<button\u001b[39m\n  \u001b[33mclass\u001b[39m=\u001b[32m\"\n                h-[36px] px-[var(--spacing-lg)]\n                bg-[var(--color-primary)] text-white rounded-[var(--radius-sm)]\n                text-[var(--text-sm)] font-medium border-none cursor-pointer\n                hover:bg-[var(--color-primary-hover)]\n                disabled:opacity-50 disabled:cursor-not-allowed\n              \"\u001b[39m\n  \u001b[33mdisabled\u001b[39m=\u001b[32m\"\"\u001b[39m\n\u001b[36m>\u001b[39m\n  \u001b[0m鍮꾨?踰덊샇 蹂寃?u001b[0m\n\u001b[36m</button>\u001b[39m\n\n(If this is intentional, then use the `*AllBy*` variant of the query (like `queryAllByText`, `getAllByText`, or `findAllByText`)).\n\nIgnored nodes: comments, script, style\n\u001b[36m<body>\u001b[39m\n  \u001b[36m<div>\u001b[39m\n    \u001b[36m<div>\u001b[39m\n      \u001b[36m<div\u001b[39m\n        \u001b[33mclass\u001b[39m=\u001b[32m\"flex items-start justify-between pb-[var(--spacing-base)] border-b border-[var(--color-border)]\"\u001b[39m\n      \u001b[36m>\u001b[39m\n        \u001b[36m<div>\u001b[39m\n          \u001b[36m<h1\u001b[39m\n            \u001b[33mclass\u001b[39m=\u001b[32m\"text-[var(--text-xl)] font-bold text-[var(--color-text-primary)] m-0\"\u001b[39m\n          \u001b[36m>\u001b[39m\n            \u001b[0m怨꾩젙 ?ㅼ젙\u001b[0m\n          \u001b[36m</h1>\u001b[39m\n          \u001b[36m<p\u001b[39m\n            \u001b[33mclass\u001b[39m=\u001b[32m\"text-[var(--text-sm)] text-[var(--color-text-secondary)] mt-[var(--spacing-xs)] m-0\"\u001b[39m\n          \u001b[36m>\u001b[39m\n            \u001b[0m鍮꾨?踰덊샇 蹂寃?諛?怨꾩젙 愿由?u001b[0m\n          \u001b[36m</p>\u001b[39m\n        \u001b[36m</div>\u001b[39m\n      \u001b[36m</div>\u001b[39m\n      \u001b[36m<div\u001b[39m\n        \u001b[33mclass\u001b[39m=\u001b[32m\"mt-[var(--spacing-lg)] max-w-[480px] space-y-[var(--spacing-xl)]\"\u001b[39m\n      \u001b[36m>\u001b[39m\n        \u001b[36m<section>\u001b[39m\n          \u001b[36m<h2\u001b[39m\n            \u001b[33mclass\u001b[39m=\u001b[32m\"text-[var(--text-base)] font-bold text-[var(--color-text-primary)] m-0 mb-[var(--spacing-base)] flex items-center gap-[var(--spacing-sm)]\"\u001b[39m\n          \u001b[36m>\u001b[39m\n            \u001b[36m<svg\u001b[39m\n              \u001b[33maria-hidden\u001b[39m=\u001b[32m\"true\"\u001b[39m\n              \u001b[33mclass\u001b[39m=\u001b[32m\"lucide lucide-lock\"\u001b[39m\n              \u001b[33mfill\u001b[39m=\u001b[32m\"none\"\u001b[39m\n              \u001b[33mheight\u001b[39m=\u001b[32m\"16\"\u001b[39m\n              \u001b[33mstroke\u001b[39m=\u001b[32m\"currentColor\"\u001b[39m\n              \u001b[33mstroke-linecap\u001b[39m=\u001b[32m\"round\"\u001b[39m\n              \u001b[33mstroke-linejoin\u001b[39m=\u001b[32m\"round\"\u001b[39m\n              \u001b[33mstroke-width\u001b[39m=\u001b[32m\"2\"\u001b[39m\n              \u001b[33mviewBox\u001b[39m=\u001b[32m\"0 0 24 24\"\u001b[39m\n              \u001b[33mwidth\u001b[39m=\u001b[32m\"16\"\u001b[39m\n              \u001b[33mxmlns\u001b[39m=\u001b[32m\"http://www.w3.org/2000/svg\"\u001b[39m\n            \u001b[36m>\u001b[39m\n              \u001b[36m<rect\u001b[39m\n                \u001b[33mheight\u001b[39m=\u001b[32m\"11\"\u001b[39m\n                \u001b[33mrx\u001b[39m=\u001b[32m\"2\"\u001b[39m\n                \u001b[33mry\u001b[39m=\u001b[32m\"2\"\u001b[39m\n                \u001b[33mwidth\u001b[39m=\u001b[32m\"18\"\u001b[39m\n                \u001b[33mx\u001b[39m=\u001b[32m\"3\"\u001b[39m\n                \u001b[33my\u001b[39m=\u001b[32m\"11\"\u001b[39m\n              \u001b[36m/>\u001b[39m\n              \u001b[36m<path\u001b[39m\n                \u001b[33md\u001b[39m=\u001b[32m\"M7 11V7a5 5 0 0 1 10 0v4\"\u001b[39m\n              \u001b[36m/>\u001b[39m\n            \u001b[36m</svg>\u001b[39m\n            \u001b[0m鍮꾨?踰덊샇 蹂寃?u001b[0m\n          \u001b[36m</h2>\u001b[39m\n          \u001b[36m<div\u001b[39m\n            \u001b[33mclass\u001b[39m=\u001b[32m\"space-y-[var(--spacing-md)]\"\u001b[39m\n          \u001b[36m>\u001b[39m\n            \u001b[36m<div>\u001b[39m\n              \u001b[36m<label\u001b[39m\n                \u001b[33mclass\u001b[39m=\u001b[32m\"block text-[var(--text-sm)] font-medium text-[var(--color-text-primary)] mb-[var(--spacing-xs)]\"\u001b[39m\n                \u001b[33mfor\u001b[39m=\u001b[32m\"currentPassword\"\u001b[39m\n              \u001b[36m>\u001b[39m\n                \u001b[0m?꾩옱 鍮꾨?踰덊샇\u001b[0m\n              \u001b[36m</label>\u001b[39m\n              \u001b[36m<input\u001b[39m\n                \u001b[33mclass\u001b[39m=\u001b[32m\"\n                  w-full h-[36px] px-[var(--spacing-sm)]\n                  border border-[var(--color-border)] rounded-[var(--radius-sm)]\n                  bg-[var(--color-surface)] text-[var(--text-sm)]\n                  focus:outline-none focus:border-[var(--color-primary)] focus:ring-1 focus:ring-[var(--color-primary)]\n                \"\u001b[39m\n                \u001b[33mid\u001b[39m=\u001b[32m\"currentPassword\"\u001b[39m\n                \u001b[33mtype\u001b[39m=\u001b[32m\"password\"\u001b[39m\n                \u001b[33mvalue\u001b[39m=\u001b[32m\"\"\u001b[39m\n              \u001b[36m/>\u001b[39m\n            \u001b[36m</div>\u001b[39m\n            \u001b[36m<div>\u001b[39m\n              \u001b[36m<label\u001b[39m\n                \u001b[33mclass\u001b[39m=\u001b[32m\"block text-[var(--text-sm)] font-medium text-[var(--color-text-primary)] mb-[var(--spacing-xs)]\"\u001b[39m\n                \u001b[33mfor\u001b[39m=\u001b[32m\"newPassword\"\u001b[39m\n              \u001b[36m>\u001b[39m\n                \u001b[0m??鍮꾨?踰덊샇\u001b[0m\n              \u001b[36m</label>\u001b[39m\n              \u001b[36m<input\u001b[39m\n                \u001b[33mclass\u001b[39m=\u001b[32m\"\n                  w-full h-[36px] px-[var(--spacing-sm)]\n                  border rounded-[var(--radius-sm)]\n                  bg-[var(--color-surface)] text-[var(--text-sm)]\n                  focus:outline-none focus:ring-1\n                  border-[var(--color-border)] focus:border-[var(--color-primary)] focus:ring-[var(--color-primary)]\n                \"\u001b[39m\n                \u001b[33mid\u001b[39m=\u001b[32m\"newPassword\"\u001b[39m\n                \u001b[33mtype\u001b[39m=\u001b[32m\"password\"\u001b[39m\n                \u001b[33mvalue\u001b[39m=\u001b[32m\"\"\u001b[39m\n              \u001b[36m/>\u001b[39m\n              \u001b[36m<p\u001b[39m\n                \u001b[33mclass\u001b[39m=\u001b[32m\"text-[var(--text-xs)] text-[var(--color-text-muted)] mt-[var(--spacing-xs)] m-0\"\u001b[39m\n              \u001b[36m>\u001b[39m\n                \u001b[0m8~20?? ?곷Ц + ?レ옄 + ?뱀닔臾몄옄 ?ы븿\u001b[0m\n              \u001b[36m</p>\u001b[39m\n            \u001b[36m</div>\u001b[39m\n            \u001b[36m<button\u001b[39m\n              \u001b[33mclass\u001b[39m=\u001b[32m\"\n                h-[36px] px-[var(--spacing-lg)]\n                bg-[var(--color-primary)] text-white rounded-[var(--radius-sm)]\n                text-[var(--text-sm)] font-medium border-none cursor-pointer\n                hover:bg-[var(--color-primary-hover)]\n                disabled:opacity-50 disabled:cursor-not-allowed\n              \"\u001b[39m\n              \u001b[33mdisabled\u001b[39m=\u001b[32m\"\"\u001b[39m\n            \u001b[36m>\u001b[39m\n              \u001b[0m鍮꾨?踰덊샇 蹂寃?u001b[0m\n            \u001b[36m</button>\u001b[39m\n          \u001b[36m</div>\u001b[39m\n        \u001b[36m</section>\u001b[39m\n        \u001b[36m<section\u001b[39m\n          \u001b[33mclass\u001b[39m=\u001b[32m\"border-t border-[var(--color-border)] pt-[var(--spacing-lg)]\"\u001b[39m\n        \u001b[36m>\u001b[39m\n          \u001b[36m<h2\u001b[39m\n            \u001b[33mclass\u001b[39m=\u001b[32m\"text-[var(--text-base)] font-bold text-[var(--color-danger)] m-0 mb-[var(--spacing-sm)] flex items-center gap-[var(--spacing-sm)]\"\u001b[39m\n          \u001b[36m>\u001b[39m\n            \u001b[36m<svg\u001b[39m\n              \u001b[33maria-hidden\u001b[39m=\u001b[32m\"true\"\u001b[39m\n              \u001b[33mclass\u001b[39m=\u001b[32m\"lucide lucide-triangle-alert\"\u001b[39m\n              \u001b[33mfill\u001b[39m=\u001b[32m\"none\"\u001b[39m\n              \u001b[33mheight\u001b[39m=\u001b[32m\"16\"\u001b[39m\n              \u001b[33mstroke\u001b[39m=\u001b[32m\"currentColor\"\u001b[39m\n              \u001b[33mstroke-linecap\u001b[39m=\u001b[32m\"round\"\u001b[39m\n              \u001b[33mstroke-linejoin\u001b[39m=\u001b[32m\"round\"\u001b[39m\n              \u001b[33mstroke-width\u001b[39m=\u001b[32m\"2\"\u001b[39m\n              \u001b[33mviewBox\u001b[39m=\u001b[32m\"0 0 24 24\"\u001b[39m\n              \u001b[33mwidth\u001b[39m=\u001b[32m\"16\"\u001b[39m\n              \u001b[33mxmlns\u001b[39m=\u001b[32m\"http://www.w3.org/2000/svg\"\u001b[39m\n            \u001b[36m>\u001b[39m\n              \u001b[36m<path\u001b[39m\n                \u001b[33md\u001b[39m=\u001b[32m\"m21.73 18-8-14a2 2 0 0 0-3.48 0l-8 14A2 2 0 0 0 4 21h16a2 2 0 0 0 1.73-3\"\u001b[39m\n              \u001b[36m/>\u001b[39m\n              \u001b[36m<path\u001b[39m\n                \u001b[33md\u001b[39m=\u001b[32m\"M12 9v4\"\u001b[39m\n              \u001b[36m/>\u001b[39m\n              \u001b[36m<path\u001b[39m\n                \u001b[33md\u001b[39m=\u001b[32m\"M12 17h.01\"\u001b[39m\n              \u001b[36m/>\u001b[39m\n            \u001b[36m</svg>\u001b[39m\n            \u001b[0m?꾪뿕 ?곸뿭\u001b[0m\n          \u001b[36m</h2>\u001b[39m\n          \u001b[36m<p\u001b[39m\n            \u001b[33mclass\u001b[39m=\u001b[32m\"text-[var(--text-sm)] text-[var(--color-text-secondary)] mb-[var(--spacing-base)] m-0\"\u001b[39m\n          \u001b[36m>\u001b[39m\n            \u001b[0m怨꾩젙????젣?섎㈃ 紐⑤뱺 ?곗씠?곌? ?곴뎄?곸쑝濡???젣?⑸땲?? ???묒뾽? ?섎룎由????놁뒿?덈떎.\u001b[0m\n          \u001b[36m</p>\u001b[39m\n          \u001b[36m<button\u001b[39m\n            \u001b[33mclass\u001b[39m=\u001b[32m\"\n              h-[36px] px-[var(--spacing-lg)]\n              bg-transparent border border-[var(--color-danger)] text-[var(--color-danger)]\n              rounded-[var(--radius-sm)] text-[var(--text-sm)] font-medium cursor-pointer\n              hover:bg-[var(--color-accent-red)]\n            \"\u001b[39m\n          \u001b[36m>\u001b[39m\n            \u001b[0m?뚯썝 ?덊눜\u001b[0m\n          \u001b[36m</button>\u001b[39m\n        \u001b[36m</section>\u001b[39m\n      \u001b[36m</div>\u001b[39m\n    \u001b[36m</div>\u001b[39m\n  \u001b[36m</div>\u001b[39m\n\u001b[36m</body>\u001b[39m\n    at Object.getElementError (C:\\Users\\dce23\\EasyWork\\frontend\\node_modules\\@testing-library\\dom\\dist\\config.js:37:19)\n    at getElementError (C:\\Users\\dce23\\EasyWork\\frontend\\node_modules\\@testing-library\\dom\\dist\\query-helpers.js:20:35)\n    at getMultipleElementsFoundError (C:\\Users\\dce23\\EasyWork\\frontend\\node_modules\\@testing-library\\dom\\dist\\query-helpers.js:23:10)\n    at C:\\Users\\dce23\\EasyWork\\frontend\\node_modules\\@testing-library\\dom\\dist\\query-helpers.js:55:13\n    at C:\\Users\\dce23\\EasyWork\\frontend\\node_modules\\@testing-library\\dom\\dist\\query-helpers.js:95:19\n    at C:/Users/dce23/EasyWork/frontend/src/pages/__tests__/AccountSettingsPage.test.tsx:56:19\n    at file:///C:/Users/dce23/EasyWork/frontend/node_modules/@vitest/runner/dist/index.js:145:11\n    at file:///C:/Users/dce23/EasyWork/frontend/node_modules/@vitest/runner/dist/index.js:915:26\n    at file:///C:/Users/dce23/EasyWork/frontend/node_modules/@vitest/runner/dist/index.js:1243:20\n    at new Promise (<anonymous>)"],"meta":{}},{"ancestorTitles":["AccountSettingsPage"],"fullName":"AccountSettingsPage disables change button when fields are empty","status":"failed","title":"disables change button when fields are empty","duration":32.659999999999854,"failureMessages":["TestingLibraryElementError: Found multiple elements with the text: 鍮꾨?踰덊샇 蹂寃?n\nHere are the matching elements:\n\nIgnored nodes: comments, script, style\n\u001b[36m<h2\u001b[39m\n  \u001b[33mclass\u001b[39m=\u001b[32m\"text-[var(--text-base)] font-bold text-[var(--color-text-primary)] m-0 mb-[var(--spacing-base)] flex items-center gap-[var(--spacing-sm)]\"\u001b[39m\n\u001b[36m>\u001b[39m\n  \u001b[36m<svg\u001b[39m\n    \u001b[33maria-hidden\u001b[39m=\u001b[32m\"true\"\u001b[39m\n    \u001b[33mclass\u001b[39m=\u001b[32m\"lucide lucide-lock\"\u001b[39m\n    \u001b[33mfill\u001b[39m=\u001b[32m\"none\"\u001b[39m\n    \u001b[33mheight\u001b[39m=\u001b[32m\"16\"\u001b[39m\n    \u001b[33mstroke\u001b[39m=\u001b[32m\"currentColor\"\u001b[39m\n    \u001b[33mstroke-linecap\u001b[39m=\u001b[32m\"round\"\u001b[39m\n    \u001b[33mstroke-linejoin\u001b[39m=\u001b[32m\"round\"\u001b[39m\n    \u001b[33mstroke-width\u001b[39m=\u001b[32m\"2\"\u001b[39m\n    \u001b[33mviewBox\u001b[39m=\u001b[32m\"0 0 24 24\"\u001b[39m\n    \u001b[33mwidth\u001b[39m=\u001b[32m\"16\"\u001b[39m\n    \u001b[33mxmlns\u001b[39m=\u001b[32m\"http://www.w3.org/2000/svg\"\u001b[39m\n  \u001b[36m>\u001b[39m\n    \u001b[36m<rect\u001b[39m\n      \u001b[33mheight\u001b[39m=\u001b[32m\"11\"\u001b[39m\n      \u001b[33mrx\u001b[39m=\u001b[32m\"2\"\u001b[39m\n      \u001b[33mry\u001b[39m=\u001b[32m\"2\"\u001b[39m\n      \u001b[33mwidth\u001b[39m=\u001b[32m\"18\"\u001b[39m\n      \u001b[33mx\u001b[39m=\u001b[32m\"3\"\u001b[39m\n      \u001b[33my\u001b[39m=\u001b[32m\"11\"\u001b[39m\n    \u001b[36m/>\u001b[39m\n    \u001b[36m<path\u001b[39m\n      \u001b[33md\u001b[39m=\u001b[32m\"M7 11V7a5 5 0 0 1 10 0v4\"\u001b[39m\n    \u001b[36m/>\u001b[39m\n  \u001b[36m</svg>\u001b[39m\n  \u001b[0m鍮꾨?踰덊샇 蹂寃?u001b[0m\n\u001b[36m</h2>\u001b[39m\n\nIgnored nodes: comments, script, style\n\u001b[36m<button\u001b[39m\n  \u001b[33mclass\u001b[39m=\u001b[32m\"\n                h-[36px] px-[var(--spacing-lg)]\n                bg-[var(--color-primary)] text-white rounded-[var(--radius-sm)]\n                text-[var(--text-sm)] font-medium border-none cursor-pointer\n                hover:bg-[var(--color-primary-hover)]\n                disabled:opacity-50 disabled:cursor-not-allowed\n              \"\u001b[39m\n  \u001b[33mdisabled\u001b[39m=\u001b[32m\"\"\u001b[39m\n\u001b[36m>\u001b[39m\n  \u001b[0m鍮꾨?踰덊샇 蹂寃?u001b[0m\n\u001b[36m</button>\u001b[39m\n\n(If this is intentional, then use the `*AllBy*` variant of the query (like `queryAllByText`, `getAllByText`, or `findAllByText`)).\n\nIgnored nodes: comments, script, style\n\u001b[36m<body>\u001b[39m\n  \u001b[36m<div>\u001b[39m\n    \u001b[36m<div>\u001b[39m\n      \u001b[36m<div\u001b[39m\n        \u001b[33mclass\u001b[39m=\u001b[32m\"flex items-start justify-between pb-[var(--spacing-base)] border-b border-[var(--color-border)]\"\u001b[39m\n      \u001b[36m>\u001b[39m\n        \u001b[36m<div>\u001b[39m\n          \u001b[36m<h1\u001b[39m\n            \u001b[33mclass\u001b[39m=\u001b[32m\"text-[var(--text-xl)] font-bold text-[var(--color-text-primary)] m-0\"\u001b[39m\n          \u001b[36m>\u001b[39m\n            \u001b[0m怨꾩젙 ?ㅼ젙\u001b[0m\n          \u001b[36m</h1>\u001b[39m\n          \u001b[36m<p\u001b[39m\n            \u001b[33mclass\u001b[39m=\u001b[32m\"text-[var(--text-sm)] text-[var(--color-text-secondary)] mt-[var(--spacing-xs)] m-0\"\u001b[39m\n          \u001b[36m>\u001b[39m\n            \u001b[0m鍮꾨?踰덊샇 蹂寃?諛?怨꾩젙 愿由?u001b[0m\n          \u001b[36m</p>\u001b[39m\n        \u001b[36m</div>\u001b[39m\n      \u001b[36m</div>\u001b[39m\n      \u001b[36m<div\u001b[39m\n        \u001b[33mclass\u001b[39m=\u001b[32m\"mt-[var(--spacing-lg)] max-w-[480px] space-y-[var(--spacing-xl)]\"\u001b[39m\n      \u001b[36m>\u001b[39m\n        \u001b[36m<section>\u001b[39m\n          \u001b[36m<h2\u001b[39m\n            \u001b[33mclass\u001b[39m=\u001b[32m\"text-[var(--text-base)] font-bold text-[var(--color-text-primary)] m-0 mb-[var(--spacing-base)] flex items-center gap-[var(--spacing-sm)]\"\u001b[39m\n          \u001b[36m>\u001b[39m\n            \u001b[36m<svg\u001b[39m\n              \u001b[33maria-hidden\u001b[39m=\u001b[32m\"true\"\u001b[39m\n              \u001b[33mclass\u001b[39m=\u001b[32m\"lucide lucide-lock\"\u001b[39m\n              \u001b[33mfill\u001b[39m=\u001b[32m\"none\"\u001b[39m\n              \u001b[33mheight\u001b[39m=\u001b[32m\"16\"\u001b[39m\n              \u001b[33mstroke\u001b[39m=\u001b[32m\"currentColor\"\u001b[39m\n              \u001b[33mstroke-linecap\u001b[39m=\u001b[32m\"round\"\u001b[39m\n              \u001b[33mstroke-linejoin\u001b[39m=\u001b[32m\"round\"\u001b[39m\n              \u001b[33mstroke-width\u001b[39m=\u001b[32m\"2\"\u001b[39m\n              \u001b[33mviewBox\u001b[39m=\u001b[32m\"0 0 24 24\"\u001b[39m\n              \u001b[33mwidth\u001b[39m=\u001b[32m\"16\"\u001b[39m\n              \u001b[33mxmlns\u001b[39m=\u001b[32m\"http://www.w3.org/2000/svg\"\u001b[39m\n            \u001b[36m>\u001b[39m\n              \u001b[36m<rect\u001b[39m\n                \u001b[33mheight\u001b[39m=\u001b[32m\"11\"\u001b[39m\n                \u001b[33mrx\u001b[39m=\u001b[32m\"2\"\u001b[39m\n                \u001b[33mry\u001b[39m=\u001b[32m\"2\"\u001b[39m\n                \u001b[33mwidth\u001b[39m=\u001b[32m\"18\"\u001b[39m\n                \u001b[33mx\u001b[39m=\u001b[32m\"3\"\u001b[39m\n                \u001b[33my\u001b[39m=\u001b[32m\"11\"\u001b[39m\n              \u001b[36m/>\u001b[39m\n              \u001b[36m<path\u001b[39m\n                \u001b[33md\u001b[39m=\u001b[32m\"M7 11V7a5 5 0 0 1 10 0v4\"\u001b[39m\n              \u001b[36m/>\u001b[39m\n            \u001b[36m</svg>\u001b[39m\n            \u001b[0m鍮꾨?踰덊샇 蹂寃?u001b[0m\n          \u001b[36m</h2>\u001b[39m\n          \u001b[36m<div\u001b[39m\n            \u001b[33mclass\u001b[39m=\u001b[32m\"space-y-[var(--spacing-md)]\"\u001b[39m\n          \u001b[36m>\u001b[39m\n            \u001b[36m<div>\u001b[39m\n              \u001b[36m<label\u001b[39m\n                \u001b[33mclass\u001b[39m=\u001b[32m\"block text-[var(--text-sm)] font-medium text-[var(--color-text-primary)] mb-[var(--spacing-xs)]\"\u001b[39m\n                \u001b[33mfor\u001b[39m=\u001b[32m\"currentPassword\"\u001b[39m\n              \u001b[36m>\u001b[39m\n                \u001b[0m?꾩옱 鍮꾨?踰덊샇\u001b[0m\n              \u001b[36m</label>\u001b[39m\n              \u001b[36m<input\u001b[39m\n                \u001b[33mclass\u001b[39m=\u001b[32m\"\n                  w-full h-[36px] px-[var(--spacing-sm)]\n                  border border-[var(--color-border)] rounded-[var(--radius-sm)]\n                  bg-[var(--color-surface)] text-[var(--text-sm)]\n                  focus:outline-none focus:border-[var(--color-primary)] focus:ring-1 focus:ring-[var(--color-primary)]\n                \"\u001b[39m\n                \u001b[33mid\u001b[39m=\u001b[32m\"currentPassword\"\u001b[39m\n                \u001b[33mtype\u001b[39m=\u001b[32m\"password\"\u001b[39m\n                \u001b[33mvalue\u001b[39m=\u001b[32m\"\"\u001b[39m\n              \u001b[36m/>\u001b[39m\n            \u001b[36m</div>\u001b[39m\n            \u001b[36m<div>\u001b[39m\n              \u001b[36m<label\u001b[39m\n                \u001b[33mclass\u001b[39m=\u001b[32m\"block text-[var(--text-sm)] font-medium text-[var(--color-text-primary)] mb-[var(--spacing-xs)]\"\u001b[39m\n                \u001b[33mfor\u001b[39m=\u001b[32m\"newPassword\"\u001b[39m\n              \u001b[36m>\u001b[39m\n                \u001b[0m??鍮꾨?踰덊샇\u001b[0m\n              \u001b[36m</label>\u001b[39m\n              \u001b[36m<input\u001b[39m\n                \u001b[33mclass\u001b[39m=\u001b[32m\"\n                  w-full h-[36px] px-[var(--spacing-sm)]\n                  border rounded-[var(--radius-sm)]\n                  bg-[var(--color-surface)] text-[var(--text-sm)]\n                  focus:outline-none focus:ring-1\n                  border-[var(--color-border)] focus:border-[var(--color-primary)] focus:ring-[var(--color-primary)]\n                \"\u001b[39m\n                \u001b[33mid\u001b[39m=\u001b[32m\"newPassword\"\u001b[39m\n                \u001b[33mtype\u001b[39m=\u001b[32m\"password\"\u001b[39m\n                \u001b[33mvalue\u001b[39m=\u001b[32m\"\"\u001b[39m\n              \u001b[36m/>\u001b[39m\n              \u001b[36m<p\u001b[39m\n                \u001b[33mclass\u001b[39m=\u001b[32m\"text-[var(--text-xs)] text-[var(--color-text-muted)] mt-[var(--spacing-xs)] m-0\"\u001b[39m\n              \u001b[36m>\u001b[39m\n                \u001b[0m8~20?? ?곷Ц + ?レ옄 + ?뱀닔臾몄옄 ?ы븿\u001b[0m\n              \u001b[36m</p>\u001b[39m\n            \u001b[36m</div>\u001b[39m\n            \u001b[36m<button\u001b[39m\n              \u001b[33mclass\u001b[39m=\u001b[32m\"\n                h-[36px] px-[var(--spacing-lg)]\n                bg-[var(--color-primary)] text-white rounded-[var(--radius-sm)]\n                text-[var(--text-sm)] font-medium border-none cursor-pointer\n                hover:bg-[var(--color-primary-hover)]\n                disabled:opacity-50 disabled:cursor-not-allowed\n              \"\u001b[39m\n              \u001b[33mdisabled\u001b[39m=\u001b[32m\"\"\u001b[39m\n            \u001b[36m>\u001b[39m\n              \u001b[0m鍮꾨?踰덊샇 蹂寃?u001b[0m\n            \u001b[36m</button>\u001b[39m\n          \u001b[36m</div>\u001b[39m\n        \u001b[36m</section>\u001b[39m\n        \u001b[36m<section\u001b[39m\n          \u001b[33mclass\u001b[39m=\u001b[32m\"border-t border-[var(--color-border)] pt-[var(--spacing-lg)]\"\u001b[39m\n        \u001b[36m>\u001b[39m\n          \u001b[36m<h2\u001b[39m\n            \u001b[33mclass\u001b[39m=\u001b[32m\"text-[var(--text-base)] font-bold text-[var(--color-danger)] m-0 mb-[var(--spacing-sm)] flex items-center gap-[var(--spacing-sm)]\"\u001b[39m\n          \u001b[36m>\u001b[39m\n            \u001b[36m<svg\u001b[39m\n              \u001b[33maria-hidden\u001b[39m=\u001b[32m\"true\"\u001b[39m\n              \u001b[33mclass\u001b[39m=\u001b[32m\"lucide lucide-triangle-alert\"\u001b[39m\n              \u001b[33mfill\u001b[39m=\u001b[32m\"none\"\u001b[39m\n              \u001b[33mheight\u001b[39m=\u001b[32m\"16\"\u001b[39m\n              \u001b[33mstroke\u001b[39m=\u001b[32m\"currentColor\"\u001b[39m\n              \u001b[33mstroke-linecap\u001b[39m=\u001b[32m\"round\"\u001b[39m\n              \u001b[33mstroke-linejoin\u001b[39m=\u001b[32m\"round\"\u001b[39m\n              \u001b[33mstroke-width\u001b[39m=\u001b[32m\"2\"\u001b[39m\n              \u001b[33mviewBox\u001b[39m=\u001b[32m\"0 0 24 24\"\u001b[39m\n              \u001b[33mwidth\u001b[39m=\u001b[32m\"16\"\u001b[39m\n              \u001b[33mxmlns\u001b[39m=\u001b[32m\"http://www.w3.org/2000/svg\"\u001b[39m\n            \u001b[36m>\u001b[39m\n              \u001b[36m<path\u001b[39m\n                \u001b[33md\u001b[39m=\u001b[32m\"m21.73 18-8-14a2 2 0 0 0-3.48 0l-8 14A2 2 0 0 0 4 21h16a2 2 0 0 0 1.73-3\"\u001b[39m\n              \u001b[36m/>\u001b[39m\n              \u001b[36m<path\u001b[39m\n                \u001b[33md\u001b[39m=\u001b[32m\"M12 9v4\"\u001b[39m\n              \u001b[36m/>\u001b[39m\n              \u001b[36m<path\u001b[39m\n                \u001b[33md\u001b[39m=\u001b[32m\"M12 17h.01\"\u001b[39m\n              \u001b[36m/>\u001b[39m\n            \u001b[36m</svg>\u001b[39m\n            \u001b[0m?꾪뿕 ?곸뿭\u001b[0m\n          \u001b[36m</h2>\u001b[39m\n          \u001b[36m<p\u001b[39m\n            \u001b[33mclass\u001b[39m=\u001b[32m\"text-[var(--text-sm)] text-[var(--color-text-secondary)] mb-[var(--spacing-base)] m-0\"\u001b[39m\n          \u001b[36m>\u001b[39m\n            \u001b[0m怨꾩젙????젣?섎㈃ 紐⑤뱺 ?곗씠?곌? ?곴뎄?곸쑝濡???젣?⑸땲?? ???묒뾽? ?섎룎由????놁뒿?덈떎.\u001b[0m\n          \u001b[36m</p>\u001b[39m\n          \u001b[36m<button\u001b[39m\n            \u001b[33mclass\u001b[39m=\u001b[32m\"\n              h-[36px] px-[var(--spacing-lg)]\n              bg-transparent border border-[var(--color-danger)] text-[var(--color-danger)]\n              rounded-[var(--radius-sm)] text-[var(--text-sm)] font-medium cursor-pointer\n              hover:bg-[var(--color-accent-red)]\n            \"\u001b[39m\n          \u001b[36m>\u001b[39m\n            \u001b[0m?뚯썝 ?덊눜\u001b[0m\n          \u001b[36m</button>\u001b[39m\n        \u001b[36m</section>\u001b[39m\n      \u001b[36m</div>\u001b[39m\n    \u001b[36m</div>\u001b[39m\n  \u001b[36m</div>\u001b[39m\n\u001b[36m</body>\u001b[39m\n    at Object.getElementError (C:\\Users\\dce23\\EasyWork\\frontend\\node_modules\\@testing-library\\dom\\dist\\config.js:37:19)\n    at getElementError (C:\\Users\\dce23\\EasyWork\\frontend\\node_modules\\@testing-library\\dom\\dist\\query-helpers.js:20:35)\n    at getMultipleElementsFoundError (C:\\Users\\dce23\\EasyWork\\frontend\\node_modules\\@testing-library\\dom\\dist\\query-helpers.js:23:10)\n    at C:\\Users\\dce23\\EasyWork\\frontend\\node_modules\\@testing-library\\dom\\dist\\query-helpers.js:55:13\n    at C:\\Users\\dce23\\EasyWork\\frontend\\node_modules\\@testing-library\\dom\\dist\\query-helpers.js:95:19\n    at C:/Users/dce23/EasyWork/frontend/src/pages/__tests__/AccountSettingsPage.test.tsx:62:30\n    at file:///C:/Users/dce23/EasyWork/frontend/node_modules/@vitest/runner/dist/index.js:145:11\n    at file:///C:/Users/dce23/EasyWork/frontend/node_modules/@vitest/runner/dist/index.js:915:26\n    at file:///C:/Users/dce23/EasyWork/frontend/node_modules/@vitest/runner/dist/index.js:1243:20\n    at new Promise (<anonymous>)"],"meta":{}},{"ancestorTitles":["AccountSettingsPage"],"fullName":"AccountSettingsPage shows error when new password has no special character","status":"failed","title":"shows error when new password has no special character","duration":1824.8622999999998,"failureMessages":["Error: Found multiple elements with the text: /?곷Ц.*?レ옄.*?뱀닔臾몄옄/\n\nHere are the matching elements:\n\nIgnored nodes: comments, script, style\n\u001b[36m<p\u001b[39m\n  \u001b[33mclass\u001b[39m=\u001b[32m\"text-[var(--text-xs)] text-[var(--color-danger)] mt-[var(--spacing-xs)] m-0\"\u001b[39m\n\u001b[36m>\u001b[39m\n  \u001b[0m鍮꾨?踰덊샇???곷Ц, ?レ옄, ?뱀닔臾몄옄(@$!%*#?&)瑜?紐⑤몢 ?ы븿?댁빞 ?⑸땲??\u001b[0m\n\u001b[36m</p>\u001b[39m\n\nIgnored nodes: comments, script, style\n\u001b[36m<p\u001b[39m\n  \u001b[33mclass\u001b[39m=\u001b[32m\"text-[var(--text-xs)] text-[var(--color-text-muted)] mt-[var(--spacing-xs)] m-0\"\u001b[39m\n\u001b[36m>\u001b[39m\n  \u001b[0m8~20?? ?곷Ц + ?レ옄 + ?뱀닔臾몄옄 ?ы븿\u001b[0m\n\u001b[36m</p>\u001b[39m\n\n(If this is intentional, then use the `*AllBy*` variant of the query (like `queryAllByText`, `getAllByText`, or `findAllByText`)).\n\nIgnored nodes: comments, script, style\n\u001b[36m<body>\u001b[39m\n  \u001b[36m<div>\u001b[39m\n    \u001b[36m<div>\u001b[39m\n      \u001b[36m<div\u001b[39m\n        \u001b[33mclass\u001b[39m=\u001b[32m\"flex items-start justify-between pb-[var(--spacing-base)] border-b border-[var(--color-border)]\"\u001b[39m\n      \u001b[36m>\u001b[39m\n        \u001b[36m<div>\u001b[39m\n          \u001b[36m<h1\u001b[39m\n            \u001b[33mclass\u001b[39m=\u001b[32m\"text-[var(--text-xl)] font-bold text-[var(--color-text-primary)] m-0\"\u001b[39m\n          \u001b[36m>\u001b[39m\n            \u001b[0m怨꾩젙 ?ㅼ젙\u001b[0m\n          \u001b[36m</h1>\u001b[39m\n          \u001b[36m<p\u001b[39m\n            \u001b[33mclass\u001b[39m=\u001b[32m\"text-[var(--text-sm)] text-[var(--color-text-secondary)] mt-[var(--spacing-xs)] m-0\"\u001b[39m\n          \u001b[36m>\u001b[39m\n            \u001b[0m鍮꾨?踰덊샇 蹂寃?諛?怨꾩젙 愿由?u001b[0m\n          \u001b[36m</p>\u001b[39m\n        \u001b[36m</div>\u001b[39m\n      \u001b[36m</div>\u001b[39m\n      \u001b[36m<div\u001b[39m\n        \u001b[33mclass\u001b[39m=\u001b[32m\"mt-[var(--spacing-lg)] max-w-[480px] space-y-[var(--spacing-xl)]\"\u001b[39m\n      \u001b[36m>\u001b[39m\n        \u001b[36m<section>\u001b[39m\n          \u001b[36m<h2\u001b[39m\n            \u001b[33mclass\u001b[39m=\u001b[32m\"text-[var(--text-base)] font-bold text-[var(--color-text-primary)] m-0 mb-[var(--spacing-base)] flex items-center gap-[var(--spacing-sm)]\"\u001b[39m\n          \u001b[36m>\u001b[39m\n            \u001b[36m<svg\u001b[39m\n              \u001b[33maria-hidden\u001b[39m=\u001b[32m\"true\"\u001b[39m\n              \u001b[33mclass\u001b[39m=\u001b[32m\"lucide lucide-lock\"\u001b[39m\n              \u001b[33mfill\u001b[39m=\u001b[32m\"none\"\u001b[39m\n              \u001b[33mheight\u001b[39m=\u001b[32m\"16\"\u001b[39m\n              \u001b[33mstroke\u001b[39m=\u001b[32m\"currentColor\"\u001b[39m\n              \u001b[33mstroke-linecap\u001b[39m=\u001b[32m\"round\"\u001b[39m\n              \u001b[33mstroke-linejoin\u001b[39m=\u001b[32m\"round\"\u001b[39m\n              \u001b[33mstroke-width\u001b[39m=\u001b[32m\"2\"\u001b[39m\n              \u001b[33mviewBox\u001b[39m=\u001b[32m\"0 0 24 24\"\u001b[39m\n              \u001b[33mwidth\u001b[39m=\u001b[32m\"16\"\u001b[39m\n              \u001b[33mxmlns\u001b[39m=\u001b[32m\"http://www.w3.org/2000/svg\"\u001b[39m\n            \u001b[36m>\u001b[39m\n              \u001b[36m<rect\u001b[39m\n                \u001b[33mheight\u001b[39m=\u001b[32m\"11\"\u001b[39m\n                \u001b[33mrx\u001b[39m=\u001b[32m\"2\"\u001b[39m\n                \u001b[33mry\u001b[39m=\u001b[32m\"2\"\u001b[39m\n                \u001b[33mwidth\u001b[39m=\u001b[32m\"18\"\u001b[39m\n                \u001b[33mx\u001b[39m=\u001b[32m\"3\"\u001b[39m\n                \u001b[33my\u001b[39m=\u001b[32m\"11\"\u001b[39m\n              \u001b[36m/>\u001b[39m\n              \u001b[36m<path\u001b[39m\n                \u001b[33md\u001b[39m=\u001b[32m\"M7 11V7a5 5 0 0 1 10 0v4\"\u001b[39m\n              \u001b[36m/>\u001b[39m\n            \u001b[36m</svg>\u001b[39m\n            \u001b[0m鍮꾨?踰덊샇 蹂寃?u001b[0m\n          \u001b[36m</h2>\u001b[39m\n          \u001b[36m<div\u001b[39m\n            \u001b[33mclass\u001b[39m=\u001b[32m\"space-y-[var(--spacing-md)]\"\u001b[39m\n          \u001b[36m>\u001b[39m\n            \u001b[36m<div>\u001b[39m\n              \u001b[36m<label\u001b[39m\n                \u001b[33mclass\u001b[39m=\u001b[32m\"block text-[var(--text-sm)] font-medium text-[var(--color-text-primary)] mb-[var(--spacing-xs)]\"\u001b[39m\n                \u001b[33mfor\u001b[39m=\u001b[32m\"currentPassword\"\u001b[39m\n              \u001b[36m>\u001b[39m\n                \u001b[0m?꾩옱 鍮꾨?踰덊샇\u001b[0m\n              \u001b[36m</label>\u001b[39m\n              \u001b[36m<input\u001b[39m\n                \u001b[33mclass\u001b[39m=\u001b[32m\"\n                  w-full h-[36px] px-[var(--spacing-sm)]\n                  border border-[var(--color-border)] rounded-[var(--radius-sm)]\n                  bg-[var(--color-surface)] text-[var(--text-sm)]\n                  focus:outline-none focus:border-[var(--color-primary)] focus:ring-1 focus:ring-[var(--color-primary)]\n                \"\u001b[39m\n                \u001b[33mid\u001b[39m=\u001b[32m\"currentPassword\"\u001b[39m\n                \u001b[33mtype\u001b[39m=\u001b[32m\"password\"\u001b[39m\n                \u001b[33mvalue\u001b[39m=\u001b[32m\"OldPass1!\"\u001b[39m\n              \u001b[36m/>\u001b[39m\n            \u001b[36m</div>\u001b[39m\n            \u001b[36m<div>\u001b[39m\n              \u001b[36m<label\u001b[39m\n                \u001b[33mclass\u001b[39m=\u001b[32m\"block text-[var(--text-sm)] font-medium text-[var(--color-text-primary)] mb-[var(--spacing-xs)]\"\u001b[39m\n                \u001b[33mfor\u001b[39m=\u001b[32m\"newPassword\"\u001b[39m\n              \u001b[36m>\u001b[39m\n                \u001b[0m??鍮꾨?踰덊샇\u001b[0m\n              \u001b[36m</label>\u001b[39m\n              \u001b[36m<input\u001b[39m\n                \u001b[33mclass\u001b[39m=\u001b[32m\"\n                  w-full h-[36px] px-[var(--spacing-sm)]\n                  border rounded-[var(--radius-sm)]\n                  bg-[var(--color-surface)] text-[var(--text-sm)]\n                  focus:outline-none focus:ring-1\n                  border-[var(--color-danger)] focus:border-[var(--color-danger)] focus:ring-[var(--color-danger)]\n                \"\u001b[39m\n                \u001b[33mid\u001b[39m=\u001b[32m\"newPassword\"\u001b[39m\n                \u001b[33mtype\u001b[39m=\u001b[32m\"password\"\u001b[39m\n                \u001b[33mvalue\u001b[39m=\u001b[32m\"NewPass123\"\u001b[39m\n              \u001b[36m/>\u001b[39m\n              \u001b[36m<p\u001b[39m\n                \u001b[33mclass\u001b[39m=\u001b[32m\"text-[var(--text-xs)] text-[var(--color-danger)] mt-[var(--spacing-xs)] m-0\"\u001b[39m\n              \u001b[36m>\u001b[39m\n                \u001b[0m鍮꾨?踰덊샇???곷Ц, ?レ옄, ?뱀닔臾몄옄(@$!%*#?&)瑜?紐⑤몢 ?ы븿?댁빞 ?⑸땲??\u001b[0m\n              \u001b[36m</p>\u001b[39m\n              \u001b[36m<p\u001b[39m\n                \u001b[33mclass\u001b[39m=\u001b[32m\"text-[var(--text-xs)] text-[var(--color-text-muted)] mt-[var(--spacing-xs)] m-0\"\u001b[39m\n              \u001b[36m>\u001b[39m\n                \u001b[0m8~20?? ?곷Ц + ?レ옄 + ?뱀닔臾몄옄 ?ы븿\u001b[0m\n              \u001b[36m</p>\u001b[39m\n            \u001b[36m</div>\u001b[39m\n            \u001b[36m<button\u001b[39m\n              \u001b[33mclass\u001b[39m=\u001b[32m\"\n                h-[36px] px-[var(--spacing-lg)]\n                bg-[var(--color-primary)] text-white rounded-[var(--radius-sm)]\n                text-[var(--text-sm)] font-medium border-none cursor-pointer\n                hover:bg-[var(--color-primary-hover)]\n                disabled:opacity-50 disabled:cursor-not-allowed\n              \"\u001b[39m\n              \u001b[33mdisabled\u001b[39m=\u001b[32m\"\"\u001b[39m\n            \u001b[36m>\u001b[39m\n              \u001b[0m鍮꾨?踰덊샇 蹂寃?u001b[0m\n            \u001b[36m</button>\u001b[39m\n          \u001b[36m</div>\u001b[39m\n        \u001b[36m</section>\u001b[39m\n        \u001b[36m<section\u001b[39m\n          \u001b[33mclass\u001b[39m=\u001b[32m\"border-t border-[var(--color-border)] pt-[var(--spacing-lg)]\"\u001b[39m\n        \u001b[36m>\u001b[39m\n          \u001b[36m<h2\u001b[39m\n            \u001b[33mclass\u001b[39m=\u001b[32m\"text-[var(--text-base)] font-bold text-[var(--color-danger)] m-0 mb-[var(--spacing-sm)] flex items-center gap-[var(--spacing-sm)]\"\u001b[39m\n          \u001b[36m>\u001b[39m\n            \u001b[36m<svg\u001b[39m\n              \u001b[33maria-hidden\u001b[39m=\u001b[32m\"true\"\u001b[39m\n              \u001b[33mclass\u001b[39m=\u001b[32m\"lucide lucide-triangle-alert\"\u001b[39m\n              \u001b[33mfill\u001b[39m=\u001b[32m\"none\"\u001b[39m\n              \u001b[33mheight\u001b[39m=\u001b[32m\"16\"\u001b[39m\n              \u001b[33mstroke\u001b[39m=\u001b[32m\"currentColor\"\u001b[39m\n              \u001b[33mstroke-linecap\u001b[39m=\u001b[32m\"round\"\u001b[39m\n              \u001b[33mstroke-linejoin\u001b[39m=\u001b[32m\"round\"\u001b[39m\n              \u001b[33mstroke-width\u001b[39m=\u001b[32m\"2\"\u001b[39m\n              \u001b[33mviewBox\u001b[39m=\u001b[32m\"0 0 24 24\"\u001b[39m\n              \u001b[33mwidth\u001b[39m=\u001b[32m\"16\"\u001b[39m\n              \u001b[33mxmlns\u001b[39m=\u001b[32m\"http://www.w3.org/2000/svg\"\u001b[39m\n            \u001b[36m>\u001b[39m\n              \u001b[36m<path\u001b[39m\n                \u001b[33md\u001b[39m=\u001b[32m\"m21.73 18-8-14a2 2 0 0 0-3.48 0l-8 14A2 2 0 0 0 4 21h16a2 2 0 0 0 1.73-3\"\u001b[39m\n              \u001b[36m/>\u001b[39m\n              \u001b[36m<path\u001b[39m\n                \u001b[33md\u001b[39m=\u001b[32m\"M12 9v4\"\u001b[39m\n              \u001b[36m/>\u001b[39m\n              \u001b[36m<path\u001b[39m\n                \u001b[33md\u001b[39m=\u001b[32m\"M12 17h.01\"\u001b[39m\n              \u001b[36m/>\u001b[39m\n            \u001b[36m</svg>\u001b[39m\n            \u001b[0m?꾪뿕 ?곸뿭\u001b[0m\n          \u001b[36m</h2>\u001b[39m\n          \u001b[36m<p\u001b[39m\n            \u001b[33mclass\u001b[39m=\u001b[32m\"text-[var(--text-sm)] text-[var(--color-text-secondary)] mb-[var(--spacing-base)] m-0\"\u001b[39m\n          \u001b[36m>\u001b[39m\n            \u001b[0m怨꾩젙????젣?섎㈃ 紐⑤뱺 ?곗씠?곌? ?곴뎄?곸쑝濡???젣?⑸땲?? ???묒뾽? ?섎룎由????놁뒿?덈떎.\u001b[0m\n          \u001b[36m</p>\u001b[39m\n          \u001b[36m<button\u001b[39m\n            \u001b[33mclass\u001b[39m=\u001b[32m\"\n              h-[36px] px-[var(--spacing-lg)]\n              bg-transparent border border-[var(--color-danger)] text-[var(--color-danger)]\n              rounded-[var(--radius-sm)] text-[var(--text-sm)] font-medium cursor-pointer\n              hover:bg-[var(--color-accent-red)]\n            \"\u001b[39m\n          \u001b[36m>\u001b[39m\n            \u001b[0m?뚯썝 ?덊눜\u001b[0m\n          \u001b[36m</button>\u001b[39m\n        \u001b[36m</section>\u001b[39m\n      \u001b[36m</div>\u001b[39m\n    \u001b[36m</div>\u001b[39m\n  \u001b[36m</div>\u001b[39m\n\u001b[36m</body>\u001b[39m\n    at Proxy.waitForWrapper (C:\\Users\\dce23\\EasyWork\\frontend\\node_modules\\@testing-library\\dom\\dist\\wait-for.js:163:27)\n    at C:/Users/dce23/EasyWork/frontend/src/pages/__tests__/AccountSettingsPage.test.tsx:74:11\n    at file:///C:/Users/dce23/EasyWork/frontend/node_modules/@vitest/runner/dist/index.js:915:20"],"meta":{}},{"ancestorTitles":["AccountSettingsPage"],"fullName":"AccountSettingsPage shows error when new password is less than 8 chars","status":"passed","title":"shows error when new password is less than 8 chars","duration":297.65720000000056,"failureMessages":[],"meta":{}},{"ancestorTitles":["AccountSettingsPage"],"fullName":"AccountSettingsPage successfully changes password with valid input","status":"failed","title":"successfully changes password with valid input","duration":369.8101999999999,"failureMessages":["TestingLibraryElementError: Found multiple elements with the text: 鍮꾨?踰덊샇 蹂寃?n\nHere are the matching elements:\n\nIgnored nodes: comments, script, style\n\u001b[36m<h2\u001b[39m\n  \u001b[33mclass\u001b[39m=\u001b[32m\"text-[var(--text-base)] font-bold text-[var(--color-text-primary)] m-0 mb-[var(--spacing-base)] flex items-center gap-[var(--spacing-sm)]\"\u001b[39m\n\u001b[36m>\u001b[39m\n  \u001b[36m<svg\u001b[39m\n    \u001b[33maria-hidden\u001b[39m=\u001b[32m\"true\"\u001b[39m\n    \u001b[33mclass\u001b[39m=\u001b[32m\"lucide lucide-lock\"\u001b[39m\n    \u001b[33mfill\u001b[39m=\u001b[32m\"none\"\u001b[39m\n    \u001b[33mheight\u001b[39m=\u001b[32m\"16\"\u001b[39m\n    \u001b[33mstroke\u001b[39m=\u001b[32m\"currentColor\"\u001b[39m\n    \u001b[33mstroke-linecap\u001b[39m=\u001b[32m\"round\"\u001b[39m\n    \u001b[33mstroke-linejoin\u001b[39m=\u001b[32m\"round\"\u001b[39m\n    \u001b[33mstroke-width\u001b[39m=\u001b[32m\"2\"\u001b[39m\n    \u001b[33mviewBox\u001b[39m=\u001b[32m\"0 0 24 24\"\u001b[39m\n    \u001b[33mwidth\u001b[39m=\u001b[32m\"16\"\u001b[39m\n    \u001b[33mxmlns\u001b[39m=\u001b[32m\"http://www.w3.org/2000/svg\"\u001b[39m\n  \u001b[36m>\u001b[39m\n    \u001b[36m<rect\u001b[39m\n      \u001b[33mheight\u001b[39m=\u001b[32m\"11\"\u001b[39m\n      \u001b[33mrx\u001b[39m=\u001b[32m\"2\"\u001b[39m\n      \u001b[33mry\u001b[39m=\u001b[32m\"2\"\u001b[39m\n      \u001b[33mwidth\u001b[39m=\u001b[32m\"18\"\u001b[39m\n      \u001b[33mx\u001b[39m=\u001b[32m\"3\"\u001b[39m\n      \u001b[33my\u001b[39m=\u001b[32m\"11\"\u001b[39m\n    \u001b[36m/>\u001b[39m\n    \u001b[36m<path\u001b[39m\n      \u001b[33md\u001b[39m=\u001b[32m\"M7 11V7a5 5 0 0 1 10 0v4\"\u001b[39m\n    \u001b[36m/>\u001b[39m\n  \u001b[36m</svg>\u001b[39m\n  \u001b[0m鍮꾨?踰덊샇 蹂寃?u001b[0m\n\u001b[36m</h2>\u001b[39m\n\nIgnored nodes: comments, script, style\n\u001b[36m<button\u001b[39m\n  \u001b[33mclass\u001b[39m=\u001b[32m\"\n                h-[36px] px-[var(--spacing-lg)]\n                bg-[var(--color-primary)] text-white rounded-[var(--radius-sm)]\n                text-[var(--text-sm)] font-medium border-none cursor-pointer\n                hover:bg-[var(--color-primary-hover)]\n                disabled:opacity-50 disabled:cursor-not-allowed\n              \"\u001b[39m\n\u001b[36m>\u001b[39m\n  \u001b[0m鍮꾨?踰덊샇 蹂寃?u001b[0m\n\u001b[36m</button>\u001b[39m\n\n(If this is intentional, then use the `*AllBy*` variant of the query (like `queryAllByText`, `getAllByText`, or `findAllByText`)).\n\nIgnored nodes: comments, script, style\n\u001b[36m<body>\u001b[39m\n  \u001b[36m<div>\u001b[39m\n    \u001b[36m<div>\u001b[39m\n      \u001b[36m<div\u001b[39m\n        \u001b[33mclass\u001b[39m=\u001b[32m\"flex items-start justify-between pb-[var(--spacing-base)] border-b border-[var(--color-border)]\"\u001b[39m\n      \u001b[36m>\u001b[39m\n        \u001b[36m<div>\u001b[39m\n          \u001b[36m<h1\u001b[39m\n            \u001b[33mclass\u001b[39m=\u001b[32m\"text-[var(--text-xl)] font-bold text-[var(--color-text-primary)] m-0\"\u001b[39m\n          \u001b[36m>\u001b[39m\n            \u001b[0m怨꾩젙 ?ㅼ젙\u001b[0m\n          \u001b[36m</h1>\u001b[39m\n          \u001b[36m<p\u001b[39m\n            \u001b[33mclass\u001b[39m=\u001b[32m\"text-[var(--text-sm)] text-[var(--color-text-secondary)] mt-[var(--spacing-xs)] m-0\"\u001b[39m\n          \u001b[36m>\u001b[39m\n            \u001b[0m鍮꾨?踰덊샇 蹂寃?諛?怨꾩젙 愿由?u001b[0m\n          \u001b[36m</p>\u001b[39m\n        \u001b[36m</div>\u001b[39m\n      \u001b[36m</div>\u001b[39m\n      \u001b[36m<div\u001b[39m\n        \u001b[33mclass\u001b[39m=\u001b[32m\"mt-[var(--spacing-lg)] max-w-[480px] space-y-[var(--spacing-xl)]\"\u001b[39m\n      \u001b[36m>\u001b[39m\n        \u001b[36m<section>\u001b[39m\n          \u001b[36m<h2\u001b[39m\n            \u001b[33mclass\u001b[39m=\u001b[32m\"text-[var(--text-base)] font-bold text-[var(--color-text-primary)] m-0 mb-[var(--spacing-base)] flex items-center gap-[var(--spacing-sm)]\"\u001b[39m\n          \u001b[36m>\u001b[39m\n            \u001b[36m<svg\u001b[39m\n              \u001b[33maria-hidden\u001b[39m=\u001b[32m\"true\"\u001b[39m\n              \u001b[33mclass\u001b[39m=\u001b[32m\"lucide lucide-lock\"\u001b[39m\n              \u001b[33mfill\u001b[39m=\u001b[32m\"none\"\u001b[39m\n              \u001b[33mheight\u001b[39m=\u001b[32m\"16\"\u001b[39m\n              \u001b[33mstroke\u001b[39m=\u001b[32m\"currentColor\"\u001b[39m\n              \u001b[33mstroke-linecap\u001b[39m=\u001b[32m\"round\"\u001b[39m\n              \u001b[33mstroke-linejoin\u001b[39m=\u001b[32m\"round\"\u001b[39m\n              \u001b[33mstroke-width\u001b[39m=\u001b[32m\"2\"\u001b[39m\n              \u001b[33mviewBox\u001b[39m=\u001b[32m\"0 0 24 24\"\u001b[39m\n              \u001b[33mwidth\u001b[39m=\u001b[32m\"16\"\u001b[39m\n              \u001b[33mxmlns\u001b[39m=\u001b[32m\"http://www.w3.org/2000/svg\"\u001b[39m\n            \u001b[36m>\u001b[39m\n              \u001b[36m<rect\u001b[39m\n                \u001b[33mheight\u001b[39m=\u001b[32m\"11\"\u001b[39m\n                \u001b[33mrx\u001b[39m=\u001b[32m\"2\"\u001b[39m\n                \u001b[33mry\u001b[39m=\u001b[32m\"2\"\u001b[39m\n                \u001b[33mwidth\u001b[39m=\u001b[32m\"18\"\u001b[39m\n                \u001b[33mx\u001b[39m=\u001b[32m\"3\"\u001b[39m\n                \u001b[33my\u001b[39m=\u001b[32m\"11\"\u001b[39m\n              \u001b[36m/>\u001b[39m\n              \u001b[36m<path\u001b[39m\n                \u001b[33md\u001b[39m=\u001b[32m\"M7 11V7a5 5 0 0 1 10 0v4\"\u001b[39m\n              \u001b[36m/>\u001b[39m\n            \u001b[36m</svg>\u001b[39m\n            \u001b[0m鍮꾨?踰덊샇 蹂寃?u001b[0m\n          \u001b[36m</h2>\u001b[39m\n          \u001b[36m<div\u001b[39m\n            \u001b[33mclass\u001b[39m=\u001b[32m\"space-y-[var(--spacing-md)]\"\u001b[39m\n          \u001b[36m>\u001b[39m\n            \u001b[36m<div>\u001b[39m\n              \u001b[36m<label\u001b[39m\n                \u001b[33mclass\u001b[39m=\u001b[32m\"block text-[var(--text-sm)] font-medium text-[var(--color-text-primary)] mb-[var(--spacing-xs)]\"\u001b[39m\n                \u001b[33mfor\u001b[39m=\u001b[32m\"currentPassword\"\u001b[39m\n              \u001b[36m>\u001b[39m\n                \u001b[0m?꾩옱 鍮꾨?踰덊샇\u001b[0m\n              \u001b[36m</label>\u001b[39m\n              \u001b[36m<input\u001b[39m\n                \u001b[33mclass\u001b[39m=\u001b[32m\"\n                  w-full h-[36px] px-[var(--spacing-sm)]\n                  border border-[var(--color-border)] rounded-[var(--radius-sm)]\n                  bg-[var(--color-surface)] text-[var(--text-sm)]\n                  focus:outline-none focus:border-[var(--color-primary)] focus:ring-1 focus:ring-[var(--color-primary)]\n                \"\u001b[39m\n                \u001b[33mid\u001b[39m=\u001b[32m\"currentPassword\"\u001b[39m\n                \u001b[33mtype\u001b[39m=\u001b[32m\"password\"\u001b[39m\n                \u001b[33mvalue\u001b[39m=\u001b[32m\"OldPass1!\"\u001b[39m\n              \u001b[36m/>\u001b[39m\n            \u001b[36m</div>\u001b[39m\n            \u001b[36m<div>\u001b[39m\n              \u001b[36m<label\u001b[39m\n                \u001b[33mclass\u001b[39m=\u001b[32m\"block text-[var(--text-sm)] font-medium text-[var(--color-text-primary)] mb-[var(--spacing-xs)]\"\u001b[39m\n                \u001b[33mfor\u001b[39m=\u001b[32m\"newPassword\"\u001b[39m\n              \u001b[36m>\u001b[39m\n                \u001b[0m??鍮꾨?踰덊샇\u001b[0m\n              \u001b[36m</label>\u001b[39m\n              \u001b[36m<input\u001b[39m\n                \u001b[33mclass\u001b[39m=\u001b[32m\"\n                  w-full h-[36px] px-[var(--spacing-sm)]\n                  border rounded-[var(--radius-sm)]\n                  bg-[var(--color-surface)] text-[var(--text-sm)]\n                  focus:outline-none focus:ring-1\n                  border-[var(--color-border)] focus:border-[var(--color-primary)] focus:ring-[var(--color-primary)]\n                \"\u001b[39m\n                \u001b[33mid\u001b[39m=\u001b[32m\"newPassword\"\u001b[39m\n                \u001b[33mtype\u001b[39m=\u001b[32m\"password\"\u001b[39m\n                \u001b[33mvalue\u001b[39m=\u001b[32m\"NewPass1!\"\u001b[39m\n              \u001b[36m/>\u001b[39m\n              \u001b[36m<p\u001b[39m\n                \u001b[33mclass\u001b[39m=\u001b[32m\"text-[var(--text-xs)] text-[var(--color-text-muted)] mt-[var(--spacing-xs)] m-0\"\u001b[39m\n              \u001b[36m>\u001b[39m\n                \u001b[0m8~20?? ?곷Ц + ?レ옄 + ?뱀닔臾몄옄 ?ы븿\u001b[0m\n              \u001b[36m</p>\u001b[39m\n            \u001b[36m</div>\u001b[39m\n            \u001b[36m<button\u001b[39m\n              \u001b[33mclass\u001b[39m=\u001b[32m\"\n                h-[36px] px-[var(--spacing-lg)]\n                bg-[var(--color-primary)] text-white rounded-[var(--radius-sm)]\n                text-[var(--text-sm)] font-medium border-none cursor-pointer\n                hover:bg-[var(--color-primary-hover)]\n                disabled:opacity-50 disabled:cursor-not-allowed\n              \"\u001b[39m\n            \u001b[36m>\u001b[39m\n              \u001b[0m鍮꾨?踰덊샇 蹂寃?u001b[0m\n            \u001b[36m</button>\u001b[39m\n          \u001b[36m</div>\u001b[39m\n        \u001b[36m</section>\u001b[39m\n        \u001b[36m<section\u001b[39m\n          \u001b[33mclass\u001b[39m=\u001b[32m\"border-t border-[var(--color-border)] pt-[var(--spacing-lg)]\"\u001b[39m\n        \u001b[36m>\u001b[39m\n          \u001b[36m<h2\u001b[39m\n            \u001b[33mclass\u001b[39m=\u001b[32m\"text-[var(--text-base)] font-bold text-[var(--color-danger)] m-0 mb-[var(--spacing-sm)] flex items-center gap-[var(--spacing-sm)]\"\u001b[39m\n          \u001b[36m>\u001b[39m\n            \u001b[36m<svg\u001b[39m\n              \u001b[33maria-hidden\u001b[39m=\u001b[32m\"true\"\u001b[39m\n              \u001b[33mclass\u001b[39m=\u001b[32m\"lucide lucide-triangle-alert\"\u001b[39m\n              \u001b[33mfill\u001b[39m=\u001b[32m\"none\"\u001b[39m\n              \u001b[33mheight\u001b[39m=\u001b[32m\"16\"\u001b[39m\n              \u001b[33mstroke\u001b[39m=\u001b[32m\"currentColor\"\u001b[39m\n              \u001b[33mstroke-linecap\u001b[39m=\u001b[32m\"round\"\u001b[39m\n              \u001b[33mstroke-linejoin\u001b[39m=\u001b[32m\"round\"\u001b[39m\n              \u001b[33mstroke-width\u001b[39m=\u001b[32m\"2\"\u001b[39m\n              \u001b[33mviewBox\u001b[39m=\u001b[32m\"0 0 24 24\"\u001b[39m\n              \u001b[33mwidth\u001b[39m=\u001b[32m\"16\"\u001b[39m\n              \u001b[33mxmlns\u001b[39m=\u001b[32m\"http://www.w3.org/2000/svg\"\u001b[39m\n            \u001b[36m>\u001b[39m\n              \u001b[36m<path\u001b[39m\n                \u001b[33md\u001b[39m=\u001b[32m\"m21.73 18-8-14a2 2 0 0 0-3.48 0l-8 14A2 2 0 0 0 4 21h16a2 2 0 0 0 1.73-3\"\u001b[39m\n              \u001b[36m/>\u001b[39m\n              \u001b[36m<path\u001b[39m\n                \u001b[33md\u001b[39m=\u001b[32m\"M12 9v4\"\u001b[39m\n              \u001b[36m/>\u001b[39m\n              \u001b[36m<path\u001b[39m\n                \u001b[33md\u001b[39m=\u001b[32m\"M12 17h.01\"\u001b[39m\n              \u001b[36m/>\u001b[39m\n            \u001b[36m</svg>\u001b[39m\n            \u001b[0m?꾪뿕 ?곸뿭\u001b[0m\n          \u001b[36m</h2>\u001b[39m\n          \u001b[36m<p\u001b[39m\n            \u001b[33mclass\u001b[39m=\u001b[32m\"text-[var(--text-sm)] text-[var(--color-text-secondary)] mb-[var(--spacing-base)] m-0\"\u001b[39m\n          \u001b[36m>\u001b[39m\n            \u001b[0m怨꾩젙????젣?섎㈃ 紐⑤뱺 ?곗씠?곌? ?곴뎄?곸쑝濡???젣?⑸땲?? ???묒뾽? ?섎룎由????놁뒿?덈떎.\u001b[0m\n          \u001b[36m</p>\u001b[39m\n          \u001b[36m<button\u001b[39m\n            \u001b[33mclass\u001b[39m=\u001b[32m\"\n              h-[36px] px-[var(--spacing-lg)]\n              bg-transparent border border-[var(--color-danger)] text-[var(--color-danger)]\n              rounded-[var(--radius-sm)] text-[var(--text-sm)] font-medium cursor-pointer\n              hover:bg-[var(--color-accent-red)]\n            \"\u001b[39m\n          \u001b[36m>\u001b[39m\n            \u001b[0m?뚯썝 ?덊눜\u001b[0m\n          \u001b[36m</button>\u001b[39m\n        \u001b[36m</section>\u001b[39m\n      \u001b[36m</div>\u001b[39m\n    \u001b[36m</div>\u001b[39m\n  \u001b[36m</div>\u001b[39m\n\u001b[36m</body>\u001b[39m\n    at Object.getElementError (C:\\Users\\dce23\\EasyWork\\frontend\\node_modules\\@testing-library\\dom\\dist\\config.js:37:19)\n    at getElementError (C:\\Users\\dce23\\EasyWork\\frontend\\node_modules\\@testing-library\\dom\\dist\\query-helpers.js:20:35)\n    at getMultipleElementsFoundError (C:\\Users\\dce23\\EasyWork\\frontend\\node_modules\\@testing-library\\dom\\dist\\query-helpers.js:23:10)\n    at C:\\Users\\dce23\\EasyWork\\frontend\\node_modules\\@testing-library\\dom\\dist\\query-helpers.js:55:13\n    at C:\\Users\\dce23\\EasyWork\\frontend\\node_modules\\@testing-library\\dom\\dist\\query-helpers.js:95:19\n    at C:/Users/dce23/EasyWork/frontend/src/pages/__tests__/AccountSettingsPage.test.tsx:100:29\n    at file:///C:/Users/dce23/EasyWork/frontend/node_modules/@vitest/runner/dist/index.js:915:20"],"meta":{}},{"ancestorTitles":["AccountSettingsPage"],"fullName":"AccountSettingsPage shows error on password change failure","status":"failed","title":"shows error on password change failure","duration":422.91359999999986,"failureMessages":["TestingLibraryElementError: Found multiple elements with the text: 鍮꾨?踰덊샇 蹂寃?n\nHere are the matching elements:\n\nIgnored nodes: comments, script, style\n\u001b[36m<h2\u001b[39m\n  \u001b[33mclass\u001b[39m=\u001b[32m\"text-[var(--text-base)] font-bold text-[var(--color-text-primary)] m-0 mb-[var(--spacing-base)] flex items-center gap-[var(--spacing-sm)]\"\u001b[39m\n\u001b[36m>\u001b[39m\n  \u001b[36m<svg\u001b[39m\n    \u001b[33maria-hidden\u001b[39m=\u001b[32m\"true\"\u001b[39m\n    \u001b[33mclass\u001b[39m=\u001b[32m\"lucide lucide-lock\"\u001b[39m\n    \u001b[33mfill\u001b[39m=\u001b[32m\"none\"\u001b[39m\n    \u001b[33mheight\u001b[39m=\u001b[32m\"16\"\u001b[39m\n    \u001b[33mstroke\u001b[39m=\u001b[32m\"currentColor\"\u001b[39m\n    \u001b[33mstroke-linecap\u001b[39m=\u001b[32m\"round\"\u001b[39m\n    \u001b[33mstroke-linejoin\u001b[39m=\u001b[32m\"round\"\u001b[39m\n    \u001b[33mstroke-width\u001b[39m=\u001b[32m\"2\"\u001b[39m\n    \u001b[33mviewBox\u001b[39m=\u001b[32m\"0 0 24 24\"\u001b[39m\n    \u001b[33mwidth\u001b[39m=\u001b[32m\"16\"\u001b[39m\n    \u001b[33mxmlns\u001b[39m=\u001b[32m\"http://www.w3.org/2000/svg\"\u001b[39m\n  \u001b[36m>\u001b[39m\n    \u001b[36m<rect\u001b[39m\n      \u001b[33mheight\u001b[39m=\u001b[32m\"11\"\u001b[39m\n      \u001b[33mrx\u001b[39m=\u001b[32m\"2\"\u001b[39m\n      \u001b[33mry\u001b[39m=\u001b[32m\"2\"\u001b[39m\n      \u001b[33mwidth\u001b[39m=\u001b[32m\"18\"\u001b[39m\n      \u001b[33mx\u001b[39m=\u001b[32m\"3\"\u001b[39m\n      \u001b[33my\u001b[39m=\u001b[32m\"11\"\u001b[39m\n    \u001b[36m/>\u001b[39m\n    \u001b[36m<path\u001b[39m\n      \u001b[33md\u001b[39m=\u001b[32m\"M7 11V7a5 5 0 0 1 10 0v4\"\u001b[39m\n    \u001b[36m/>\u001b[39m\n  \u001b[36m</svg>\u001b[39m\n  \u001b[0m鍮꾨?踰덊샇 蹂寃?u001b[0m\n\u001b[36m</h2>\u001b[39m\n\nIgnored nodes: comments, script, style\n\u001b[36m<button\u001b[39m\n  \u001b[33mclass\u001b[39m=\u001b[32m\"\n                h-[36px] px-[var(--spacing-lg)]\n                bg-[var(--color-primary)] text-white rounded-[var(--radius-sm)]\n                text-[var(--text-sm)] font-medium border-none cursor-pointer\n                hover:bg-[var(--color-primary-hover)]\n                disabled:opacity-50 disabled:cursor-not-allowed\n              \"\u001b[39m\n\u001b[36m>\u001b[39m\n  \u001b[0m鍮꾨?踰덊샇 蹂寃?u001b[0m\n\u001b[36m</button>\u001b[39m\n\n(If this is intentional, then use the `*AllBy*` variant of the query (like `queryAllByText`, `getAllByText`, or `findAllByText`)).\n\nIgnored nodes: comments, script, style\n\u001b[36m<body>\u001b[39m\n  \u001b[36m<div>\u001b[39m\n    \u001b[36m<div>\u001b[39m\n      \u001b[36m<div\u001b[39m\n        \u001b[33mclass\u001b[39m=\u001b[32m\"flex items-start justify-between pb-[var(--spacing-base)] border-b border-[var(--color-border)]\"\u001b[39m\n      \u001b[36m>\u001b[39m\n        \u001b[36m<div>\u001b[39m\n          \u001b[36m<h1\u001b[39m\n            \u001b[33mclass\u001b[39m=\u001b[32m\"text-[var(--text-xl)] font-bold text-[var(--color-text-primary)] m-0\"\u001b[39m\n          \u001b[36m>\u001b[39m\n            \u001b[0m怨꾩젙 ?ㅼ젙\u001b[0m\n          \u001b[36m</h1>\u001b[39m\n          \u001b[36m<p\u001b[39m\n            \u001b[33mclass\u001b[39m=\u001b[32m\"text-[var(--text-sm)] text-[var(--color-text-secondary)] mt-[var(--spacing-xs)] m-0\"\u001b[39m\n          \u001b[36m>\u001b[39m\n            \u001b[0m鍮꾨?踰덊샇 蹂寃?諛?怨꾩젙 愿由?u001b[0m\n          \u001b[36m</p>\u001b[39m\n        \u001b[36m</div>\u001b[39m\n      \u001b[36m</div>\u001b[39m\n      \u001b[36m<div\u001b[39m\n        \u001b[33mclass\u001b[39m=\u001b[32m\"mt-[var(--spacing-lg)] max-w-[480px] space-y-[var(--spacing-xl)]\"\u001b[39m\n      \u001b[36m>\u001b[39m\n        \u001b[36m<section>\u001b[39m\n          \u001b[36m<h2\u001b[39m\n            \u001b[33mclass\u001b[39m=\u001b[32m\"text-[var(--text-base)] font-bold text-[var(--color-text-primary)] m-0 mb-[var(--spacing-base)] flex items-center gap-[var(--spacing-sm)]\"\u001b[39m\n          \u001b[36m>\u001b[39m\n            \u001b[36m<svg\u001b[39m\n              \u001b[33maria-hidden\u001b[39m=\u001b[32m\"true\"\u001b[39m\n              \u001b[33mclass\u001b[39m=\u001b[32m\"lucide lucide-lock\"\u001b[39m\n              \u001b[33mfill\u001b[39m=\u001b[32m\"none\"\u001b[39m\n              \u001b[33mheight\u001b[39m=\u001b[32m\"16\"\u001b[39m\n              \u001b[33mstroke\u001b[39m=\u001b[32m\"currentColor\"\u001b[39m\n              \u001b[33mstroke-linecap\u001b[39m=\u001b[32m\"round\"\u001b[39m\n              \u001b[33mstroke-linejoin\u001b[39m=\u001b[32m\"round\"\u001b[39m\n              \u001b[33mstroke-width\u001b[39m=\u001b[32m\"2\"\u001b[39m\n              \u001b[33mviewBox\u001b[39m=\u001b[32m\"0 0 24 24\"\u001b[39m\n              \u001b[33mwidth\u001b[39m=\u001b[32m\"16\"\u001b[39m\n              \u001b[33mxmlns\u001b[39m=\u001b[32m\"http://www.w3.org/2000/svg\"\u001b[39m\n            \u001b[36m>\u001b[39m\n              \u001b[36m<rect\u001b[39m\n                \u001b[33mheight\u001b[39m=\u001b[32m\"11\"\u001b[39m\n                \u001b[33mrx\u001b[39m=\u001b[32m\"2\"\u001b[39m\n                \u001b[33mry\u001b[39m=\u001b[32m\"2\"\u001b[39m\n                \u001b[33mwidth\u001b[39m=\u001b[32m\"18\"\u001b[39m\n                \u001b[33mx\u001b[39m=\u001b[32m\"3\"\u001b[39m\n                \u001b[33my\u001b[39m=\u001b[32m\"11\"\u001b[39m\n              \u001b[36m/>\u001b[39m\n              \u001b[36m<path\u001b[39m\n                \u001b[33md\u001b[39m=\u001b[32m\"M7 11V7a5 5 0 0 1 10 0v4\"\u001b[39m\n              \u001b[36m/>\u001b[39m\n            \u001b[36m</svg>\u001b[39m\n            \u001b[0m鍮꾨?踰덊샇 蹂寃?u001b[0m\n          \u001b[36m</h2>\u001b[39m\n          \u001b[36m<div\u001b[39m\n            \u001b[33mclass\u001b[39m=\u001b[32m\"space-y-[var(--spacing-md)]\"\u001b[39m\n          \u001b[36m>\u001b[39m\n            \u001b[36m<div>\u001b[39m\n              \u001b[36m<label\u001b[39m\n                \u001b[33mclass\u001b[39m=\u001b[32m\"block text-[var(--text-sm)] font-medium text-[var(--color-text-primary)] mb-[var(--spacing-xs)]\"\u001b[39m\n                \u001b[33mfor\u001b[39m=\u001b[32m\"currentPassword\"\u001b[39m\n              \u001b[36m>\u001b[39m\n                \u001b[0m?꾩옱 鍮꾨?踰덊샇\u001b[0m\n              \u001b[36m</label>\u001b[39m\n              \u001b[36m<input\u001b[39m\n                \u001b[33mclass\u001b[39m=\u001b[32m\"\n                  w-full h-[36px] px-[var(--spacing-sm)]\n                  border border-[var(--color-border)] rounded-[var(--radius-sm)]\n                  bg-[var(--color-surface)] text-[var(--text-sm)]\n                  focus:outline-none focus:border-[var(--color-primary)] focus:ring-1 focus:ring-[var(--color-primary)]\n                \"\u001b[39m\n                \u001b[33mid\u001b[39m=\u001b[32m\"currentPassword\"\u001b[39m\n                \u001b[33mtype\u001b[39m=\u001b[32m\"password\"\u001b[39m\n                \u001b[33mvalue\u001b[39m=\u001b[32m\"WrongPass1!\"\u001b[39m\n              \u001b[36m/>\u001b[39m\n            \u001b[36m</div>\u001b[39m\n            \u001b[36m<div>\u001b[39m\n              \u001b[36m<label\u001b[39m\n                \u001b[33mclass\u001b[39m=\u001b[32m\"block text-[var(--text-sm)] font-medium text-[var(--color-text-primary)] mb-[var(--spacing-xs)]\"\u001b[39m\n                \u001b[33mfor\u001b[39m=\u001b[32m\"newPassword\"\u001b[39m\n              \u001b[36m>\u001b[39m\n                \u001b[0m??鍮꾨?踰덊샇\u001b[0m\n              \u001b[36m</label>\u001b[39m\n              \u001b[36m<input\u001b[39m\n                \u001b[33mclass\u001b[39m=\u001b[32m\"\n                  w-full h-[36px] px-[var(--spacing-sm)]\n                  border rounded-[var(--radius-sm)]\n                  bg-[var(--color-surface)] text-[var(--text-sm)]\n                  focus:outline-none focus:ring-1\n                  border-[var(--color-border)] focus:border-[var(--color-primary)] focus:ring-[var(--color-primary)]\n                \"\u001b[39m\n                \u001b[33mid\u001b[39m=\u001b[32m\"newPassword\"\u001b[39m\n                \u001b[33mtype\u001b[39m=\u001b[32m\"password\"\u001b[39m\n                \u001b[33mvalue\u001b[39m=\u001b[32m\"NewPass1!\"\u001b[39m\n              \u001b[36m/>\u001b[39m\n              \u001b[36m<p\u001b[39m\n                \u001b[33mclass\u001b[39m=\u001b[32m\"text-[var(--text-xs)] text-[var(--color-text-muted)] mt-[var(--spacing-xs)] m-0\"\u001b[39m\n              \u001b[36m>\u001b[39m\n                \u001b[0m8~20?? ?곷Ц + ?レ옄 + ?뱀닔臾몄옄 ?ы븿\u001b[0m\n              \u001b[36m</p>\u001b[39m\n            \u001b[36m</div>\u001b[39m\n            \u001b[36m<button\u001b[39m\n              \u001b[33mclass\u001b[39m=\u001b[32m\"\n                h-[36px] px-[var(--spacing-lg)]\n                bg-[var(--color-primary)] text-white rounded-[var(--radius-sm)]\n                text-[var(--text-sm)] font-medium border-none cursor-pointer\n                hover:bg-[var(--color-primary-hover)]\n                disabled:opacity-50 disabled:cursor-not-allowed\n              \"\u001b[39m\n            \u001b[36m>\u001b[39m\n              \u001b[0m鍮꾨?踰덊샇 蹂寃?u001b[0m\n            \u001b[36m</button>\u001b[39m\n          \u001b[36m</div>\u001b[39m\n        \u001b[36m</section>\u001b[39m\n        \u001b[36m<section\u001b[39m\n          \u001b[33mclass\u001b[39m=\u001b[32m\"border-t border-[var(--color-border)] pt-[var(--spacing-lg)]\"\u001b[39m\n        \u001b[36m>\u001b[39m\n          \u001b[36m<h2\u001b[39m\n            \u001b[33mclass\u001b[39m=\u001b[32m\"text-[var(--text-base)] font-bold text-[var(--color-danger)] m-0 mb-[var(--spacing-sm)] flex items-center gap-[var(--spacing-sm)]\"\u001b[39m\n          \u001b[36m>\u001b[39m\n            \u001b[36m<svg\u001b[39m\n              \u001b[33maria-hidden\u001b[39m=\u001b[32m\"true\"\u001b[39m\n              \u001b[33mclass\u001b[39m=\u001b[32m\"lucide lucide-triangle-alert\"\u001b[39m\n              \u001b[33mfill\u001b[39m=\u001b[32m\"none\"\u001b[39m\n              \u001b[33mheight\u001b[39m=\u001b[32m\"16\"\u001b[39m\n              \u001b[33mstroke\u001b[39m=\u001b[32m\"currentColor\"\u001b[39m\n              \u001b[33mstroke-linecap\u001b[39m=\u001b[32m\"round\"\u001b[39m\n              \u001b[33mstroke-linejoin\u001b[39m=\u001b[32m\"round\"\u001b[39m\n              \u001b[33mstroke-width\u001b[39m=\u001b[32m\"2\"\u001b[39m\n              \u001b[33mviewBox\u001b[39m=\u001b[32m\"0 0 24 24\"\u001b[39m\n              \u001b[33mwidth\u001b[39m=\u001b[32m\"16\"\u001b[39m\n              \u001b[33mxmlns\u001b[39m=\u001b[32m\"http://www.w3.org/2000/svg\"\u001b[39m\n            \u001b[36m>\u001b[39m\n              \u001b[36m<path\u001b[39m\n                \u001b[33md\u001b[39m=\u001b[32m\"m21.73 18-8-14a2 2 0 0 0-3.48 0l-8 14A2 2 0 0 0 4 21h16a2 2 0 0 0 1.73-3\"\u001b[39m\n              \u001b[36m/>\u001b[39m\n              \u001b[36m<path\u001b[39m\n                \u001b[33md\u001b[39m=\u001b[32m\"M12 9v4\"\u001b[39m\n              \u001b[36m/>\u001b[39m\n              \u001b[36m<path\u001b[39m\n                \u001b[33md\u001b[39m=\u001b[32m\"M12 17h.01\"\u001b[39m\n              \u001b[36m/>\u001b[39m\n            \u001b[36m</svg>\u001b[39m\n            \u001b[0m?꾪뿕 ?곸뿭\u001b[0m\n          \u001b[36m</h2>\u001b[39m\n          \u001b[36m<p\u001b[39m\n            \u001b[33mclass\u001b[39m=\u001b[32m\"text-[var(--text-sm)] text-[var(--color-text-secondary)] mb-[var(--spacing-base)] m-0\"\u001b[39m\n          \u001b[36m>\u001b[39m\n            \u001b[0m怨꾩젙????젣?섎㈃ 紐⑤뱺 ?곗씠?곌? ?곴뎄?곸쑝濡???젣?⑸땲?? ???묒뾽? ?섎룎由????놁뒿?덈떎.\u001b[0m\n          \u001b[36m</p>\u001b[39m\n          \u001b[36m<button\u001b[39m\n            \u001b[33mclass\u001b[39m=\u001b[32m\"\n              h-[36px] px-[var(--spacing-lg)]\n              bg-transparent border border-[var(--color-danger)] text-[var(--color-danger)]\n              rounded-[var(--radius-sm)] text-[var(--text-sm)] font-medium cursor-pointer\n              hover:bg-[var(--color-accent-red)]\n            \"\u001b[39m\n          \u001b[36m>\u001b[39m\n            \u001b[0m?뚯썝 ?덊눜\u001b[0m\n          \u001b[36m</button>\u001b[39m\n        \u001b[36m</section>\u001b[39m\n      \u001b[36m</div>\u001b[39m\n    \u001b[36m</div>\u001b[39m\n  \u001b[36m</div>\u001b[39m\n\u001b[36m</body>\u001b[39m\n    at Object.getElementError (C:\\Users\\dce23\\EasyWork\\frontend\\node_modules\\@testing-library\\dom\\dist\\config.js:37:19)\n    at getElementError (C:\\Users\\dce23\\EasyWork\\frontend\\node_modules\\@testing-library\\dom\\dist\\query-helpers.js:20:35)\n    at getMultipleElementsFoundError (C:\\Users\\dce23\\EasyWork\\frontend\\node_modules\\@testing-library\\dom\\dist\\query-helpers.js:23:10)\n    at C:\\Users\\dce23\\EasyWork\\frontend\\node_modules\\@testing-library\\dom\\dist\\query-helpers.js:55:13\n    at C:\\Users\\dce23\\EasyWork\\frontend\\node_modules\\@testing-library\\dom\\dist\\query-helpers.js:95:19\n    at C:/Users/dce23/EasyWork/frontend/src/pages/__tests__/AccountSettingsPage.test.tsx:122:29\n    at file:///C:/Users/dce23/EasyWork/frontend/node_modules/@vitest/runner/dist/index.js:915:20"],"meta":{}},{"ancestorTitles":["AccountSettingsPage"],"fullName":"AccountSettingsPage shows withdraw confirmation modal on button click","status":"passed","title":"shows withdraw confirmation modal on button click","duration":60.549299999999675,"failureMessages":[],"meta":{}},{"ancestorTitles":["AccountSettingsPage"],"fullName":"AccountSettingsPage successfully withdraws, logs out, and redirects to login","status":"passed","title":"successfully withdraws, logs out, and redirects to login","duration":331.1982000000007,"failureMessages":[],"meta":{}},{"ancestorTitles":["AccountSettingsPage"],"fullName":"AccountSettingsPage shows error on withdraw failure","status":"passed","title":"shows error on withdraw failure","duration":342.6189999999997,"failureMessages":[],"meta":{}},{"ancestorTitles":["AccountSettingsPage"],"fullName":"AccountSettingsPage closes withdraw modal on cancel","status":"passed","title":"closes withdraw modal on cancel","duration":157.17270000000008,"failureMessages":[],"meta":{}}],"startTime":1772860775019,"endTime":1772860778939.1726,"status":"failed","message":"","name":"C:/Users/dce23/EasyWork/frontend/src/pages/__tests__/AccountSettingsPage.test.tsx"},{"assertionResults":[{"ancestorTitles":["InvitationsPage"],"fullName":"InvitationsPage renders invitation list from API","status":"passed","title":"renders invitation list from API","duration":93.06730000000061,"failureMessages":[],"meta":{}},{"ancestorTitles":["InvitationsPage"],"fullName":"InvitationsPage shows empty state when no invitations","status":"passed","title":"shows empty state when no invitations","duration":15.349500000000262,"failureMessages":[],"meta":{}},{"ancestorTitles":["InvitationsPage"],"fullName":"InvitationsPage updates status to ACCEPTED on accept click (functional updater)","status":"passed","title":"updates status to ACCEPTED on accept click (functional updater)","duration":475.5463,"failureMessages":[],"meta":{}},{"ancestorTitles":["InvitationsPage"],"fullName":"InvitationsPage updates status to REJECTED on reject click","status":"passed","title":"updates status to REJECTED on reject click","duration":127.74629999999979,"failureMessages":[],"meta":{}},{"ancestorTitles":["InvitationsPage"],"fullName":"InvitationsPage uses functional updater to prevent stale closure in accept handler","status":"passed","title":"uses functional updater to prevent stale closure in accept handler","duration":119.05149999999958,"failureMessages":[],"meta":{}},{"ancestorTitles":["InvitationsPage"],"fullName":"InvitationsPage shows error banner on API failure","status":"passed","title":"shows error banner on API failure","duration":63.34050000000025,"failureMessages":[],"meta":{}}],"startTime":1772860775017,"endTime":1772860775911.3406,"status":"passed","message":"","name":"C:/Users/dce23/EasyWork/frontend/src/pages/__tests__/InvitationsPage.test.tsx"},{"assertionResults":[{"ancestorTitles":["NotificationsPage"],"fullName":"NotificationsPage renders notifications from API","status":"passed","title":"renders notifications from API","duration":68.7465000000002,"failureMessages":[],"meta":{}},{"ancestorTitles":["NotificationsPage"],"fullName":"NotificationsPage shows empty state when no notifications","status":"passed","title":"shows empty state when no notifications","duration":19.909599999999955,"failureMessages":[],"meta":{}},{"ancestorTitles":["NotificationsPage"],"fullName":"NotificationsPage marks single notification as read on click","status":"passed","title":"marks single notification as read on click","duration":393.2033000000001,"failureMessages":[],"meta":{}},{"ancestorTitles":["NotificationsPage"],"fullName":"NotificationsPage read-all calls API and updates unreadCount to 0","status":"passed","title":"read-all calls API and updates unreadCount to 0","duration":195.11470000000008,"failureMessages":[],"meta":{}},{"ancestorTitles":["NotificationsPage"],"fullName":"NotificationsPage displays unread badge count","status":"passed","title":"displays unread badge count","duration":8.723699999999553,"failureMessages":[],"meta":{}},{"ancestorTitles":["NotificationsPage"],"fullName":"NotificationsPage shows error when fetch fails","status":"passed","title":"shows error when fetch fails","duration":22.89809999999943,"failureMessages":[],"meta":{}}],"startTime":1772860775017,"endTime":1772860775725.8982,"status":"passed","message":"","name":"C:/Users/dce23/EasyWork/frontend/src/pages/__tests__/NotificationsPage.test.tsx"},{"assertionResults":[{"ancestorTitles":["ProfileSettingsPage"],"fullName":"ProfileSettingsPage shows loading skeleton while fetching profile","status":"passed","title":"shows loading skeleton while fetching profile","duration":40.402900000000045,"failureMessages":[],"meta":{}},{"ancestorTitles":["ProfileSettingsPage"],"fullName":"ProfileSettingsPage renders profile data from API","status":"failed","title":"renders profile data from API","duration":46.321899999999914,"failureMessages":["TestingLibraryElementError: Found multiple elements with the text: alice@email.com\n\nHere are the matching elements:\n\nIgnored nodes: comments, script, style\n\u001b[36m<div\u001b[39m\n  \u001b[33mclass\u001b[39m=\u001b[32m\"text-[var(--text-sm)] text-[var(--color-text-muted)]\"\u001b[39m\n\u001b[36m>\u001b[39m\n  \u001b[0malice@email.com\u001b[0m\n\u001b[36m</div>\u001b[39m\n\nIgnored nodes: comments, script, style\n\u001b[36m<div\u001b[39m\n  \u001b[33mclass\u001b[39m=\u001b[32m\"\n              h-[36px] px-[var(--spacing-sm)] flex items-center\n              border border-[var(--color-border)] rounded-[var(--radius-sm)]\n              bg-[var(--color-surface-muted)] text-[var(--text-sm)] text-[var(--color-text-muted)]\n            \"\u001b[39m\n\u001b[36m>\u001b[39m\n  \u001b[0malice@email.com\u001b[0m\n\u001b[36m</div>\u001b[39m\n\n(If this is intentional, then use the `*AllBy*` variant of the query (like `queryAllByText`, `getAllByText`, or `findAllByText`)).\n\nIgnored nodes: comments, script, style\n\u001b[36m<body>\u001b[39m\n  \u001b[36m<div>\u001b[39m\n    \u001b[36m<div>\u001b[39m\n      \u001b[36m<div\u001b[39m\n        \u001b[33mclass\u001b[39m=\u001b[32m\"flex items-start justify-between pb-[var(--spacing-base)] border-b border-[var(--color-border)]\"\u001b[39m\n      \u001b[36m>\u001b[39m\n        \u001b[36m<div>\u001b[39m\n          \u001b[36m<h1\u001b[39m\n            \u001b[33mclass\u001b[39m=\u001b[32m\"text-[var(--text-xl)] font-bold text-[var(--color-text-primary)] m-0\"\u001b[39m\n          \u001b[36m>\u001b[39m\n            \u001b[0m?꾨줈???ㅼ젙\u001b[0m\n          \u001b[36m</h1>\u001b[39m\n          \u001b[36m<p\u001b[39m\n            \u001b[33mclass\u001b[39m=\u001b[32m\"text-[var(--text-sm)] text-[var(--color-text-secondary)] mt-[var(--spacing-xs)] m-0\"\u001b[39m\n          \u001b[36m>\u001b[39m\n            \u001b[0m媛쒖씤 ?꾨줈???뺣낫瑜?愿由ы빀?덈떎.\u001b[0m\n          \u001b[36m</p>\u001b[39m\n        \u001b[36m</div>\u001b[39m\n      \u001b[36m</div>\u001b[39m\n      \u001b[36m<div\u001b[39m\n        \u001b[33mclass\u001b[39m=\u001b[32m\"mt-[var(--spacing-lg)] max-w-[480px]\"\u001b[39m\n      \u001b[36m>\u001b[39m\n        \u001b[36m<div\u001b[39m\n          \u001b[33mclass\u001b[39m=\u001b[32m\"flex items-center gap-[var(--spacing-base)] mb-[var(--spacing-lg)]\"\u001b[39m\n        \u001b[36m>\u001b[39m\n          \u001b[36m<div\u001b[39m\n            \u001b[33mclass\u001b[39m=\u001b[32m\"\n              w-[72px] h-[72px] rounded-full bg-[var(--color-primary)]\n              text-white text-[var(--text-xl)] font-bold\n              flex items-center justify-center\n            \"\u001b[39m\n          \u001b[36m>\u001b[39m\n            \u001b[0mA\u001b[0m\n          \u001b[36m</div>\u001b[39m\n          \u001b[36m<div>\u001b[39m\n            \u001b[36m<div\u001b[39m\n              \u001b[33mclass\u001b[39m=\u001b[32m\"text-[var(--text-base)] font-semibold text-[var(--color-text-primary)]\"\u001b[39m\n            \u001b[36m>\u001b[39m\n              \u001b[0mAlice\u001b[0m\n            \u001b[36m</div>\u001b[39m\n            \u001b[36m<div\u001b[39m\n              \u001b[33mclass\u001b[39m=\u001b[32m\"text-[var(--text-sm)] text-[var(--color-text-muted)]\"\u001b[39m\n            \u001b[36m>\u001b[39m\n              \u001b[0malice@email.com\u001b[0m\n            \u001b[36m</div>\u001b[39m\n            \u001b[36m<div\u001b[39m\n              \u001b[33mclass\u001b[39m=\u001b[32m\"text-[var(--text-xs)] text-[var(--color-text-muted)] mt-[2px]\"\u001b[39m\n            \u001b[36m>\u001b[39m\n              \u001b[0m?대찓??媛??u001b[0m\n            \u001b[36m</div>\u001b[39m\n          \u001b[36m</div>\u001b[39m\n        \u001b[36m</div>\u001b[39m\n        \u001b[36m<div\u001b[39m\n          \u001b[33mclass\u001b[39m=\u001b[32m\"mb-[var(--spacing-base)]\"\u001b[39m\n        \u001b[36m>\u001b[39m\n          \u001b[36m<label\u001b[39m\n            \u001b[33mclass\u001b[39m=\u001b[32m\"block text-[var(--text-sm)] font-medium text-[var(--color-text-primary)] mb-[var(--spacing-xs)]\"\u001b[39m\n            \u001b[33mfor\u001b[39m=\u001b[32m\"nickname\"\u001b[39m\n          \u001b[36m>\u001b[39m\n            \u001b[0m?됰꽕??u001b[0m\n          \u001b[36m</label>\u001b[39m\n          \u001b[36m<input\u001b[39m\n            \u001b[33mclass\u001b[39m=\u001b[32m\"\n                w-full h-[36px] px-[var(--spacing-sm)]\n                border rounded-[var(--radius-sm)]\n                bg-[var(--color-surface)] text-[var(--text-sm)]\n                focus:outline-none focus:ring-1\n                border-[var(--color-border)] focus:border-[var(--color-primary)] focus:ring-[var(--color-primary)]\n              \"\u001b[39m\n            \u001b[33mid\u001b[39m=\u001b[32m\"nickname\"\u001b[39m\n            \u001b[33mmaxlength\u001b[39m=\u001b[32m\"25\"\u001b[39m\n            \u001b[33mtype\u001b[39m=\u001b[32m\"text\"\u001b[39m\n            \u001b[33mvalue\u001b[39m=\u001b[32m\"Alice\"\u001b[39m\n          \u001b[36m/>\u001b[39m\n          \u001b[36m<p\u001b[39m\n            \u001b[33mclass\u001b[39m=\u001b[32m\"text-[var(--text-xs)] text-[var(--color-text-muted)] mt-[var(--spacing-xs)] m-0\"\u001b[39m\n          \u001b[36m>\u001b[39m\n            \u001b[0m5\u001b[0m\n            \u001b[0m/20\u001b[0m\n          \u001b[36m</p>\u001b[39m\n        \u001b[36m</div>\u001b[39m\n        \u001b[36m<div\u001b[39m\n          \u001b[33mclass\u001b[39m=\u001b[32m\"mb-[var(--spacing-base)]\"\u001b[39m\n        \u001b[36m>\u001b[39m\n          \u001b[36m<label\u001b[39m\n            \u001b[33mclass\u001b[39m=\u001b[32m\"block text-[var(--text-sm)] font-medium text-[var(--color-text-primary)] mb-[var(--spacing-xs)]\"\u001b[39m\n          \u001b[36m>\u001b[39m\n            \u001b[0m?대찓??u001b[0m\n          \u001b[36m</label>\u001b[39m\n          \u001b[36m<div\u001b[39m\n            \u001b[33mclass\u001b[39m=\u001b[32m\"\n              h-[36px] px-[var(--spacing-sm)] flex items-center\n              border border-[var(--color-border)] rounded-[var(--radius-sm)]\n              bg-[var(--color-surface-muted)] text-[var(--text-sm)] text-[var(--color-text-muted)]\n            \"\u001b[39m\n          \u001b[36m>\u001b[39m\n            \u001b[0malice@email.com\u001b[0m\n          \u001b[36m</div>\u001b[39m\n        \u001b[36m</div>\u001b[39m\n        \u001b[36m<button\u001b[39m\n          \u001b[33mclass\u001b[39m=\u001b[32m\"\n              h-[36px] px-[var(--spacing-lg)]\n              bg-[var(--color-primary)] text-white rounded-[var(--radius-sm)]\n              text-[var(--text-sm)] font-medium border-none cursor-pointer\n              hover:bg-[var(--color-primary-hover)]\n              disabled:opacity-50 disabled:cursor-not-allowed\n            \"\u001b[39m\n          \u001b[33mdisabled\u001b[39m=\u001b[32m\"\"\u001b[39m\n        \u001b[36m>\u001b[39m\n          \u001b[0m???u001b[0m\n        \u001b[36m</button>\u001b[39m\n      \u001b[36m</div>\u001b[39m\n    \u001b[36m</div>\u001b[39m\n  \u001b[36m</div>\u001b[39m\n\u001b[36m</body>\u001b[39m\n    at Object.getElementError (C:\\Users\\dce23\\EasyWork\\frontend\\node_modules\\@testing-library\\dom\\dist\\config.js:37:19)\n    at getElementError (C:\\Users\\dce23\\EasyWork\\frontend\\node_modules\\@testing-library\\dom\\dist\\query-helpers.js:20:35)\n    at getMultipleElementsFoundError (C:\\Users\\dce23\\EasyWork\\frontend\\node_modules\\@testing-library\\dom\\dist\\query-helpers.js:23:10)\n    at C:\\Users\\dce23\\EasyWork\\frontend\\node_modules\\@testing-library\\dom\\dist\\query-helpers.js:55:13\n    at C:\\Users\\dce23\\EasyWork\\frontend\\node_modules\\@testing-library\\dom\\dist\\query-helpers.js:95:19\n    at C:/Users/dce23/EasyWork/frontend/src/pages/__tests__/ProfileSettingsPage.test.tsx:72:19\n    at file:///C:/Users/dce23/EasyWork/frontend/node_modules/@vitest/runner/dist/index.js:915:20"],"meta":{}},{"ancestorTitles":["ProfileSettingsPage"],"fullName":"ProfileSettingsPage saves nickname and shows success message","status":"passed","title":"saves nickname and shows success message","duration":731.5565999999999,"failureMessages":[],"meta":{}},{"ancestorTitles":["ProfileSettingsPage"],"fullName":"ProfileSettingsPage disables save button when nickname is empty","status":"passed","title":"disables save button when nickname is empty","duration":36.53600000000006,"failureMessages":[],"meta":{}},{"ancestorTitles":["ProfileSettingsPage"],"fullName":"ProfileSettingsPage shows error when nickname is less than 2 chars","status":"passed","title":"shows error when nickname is less than 2 chars","duration":100.03279999999995,"failureMessages":[],"meta":{}},{"ancestorTitles":["ProfileSettingsPage"],"fullName":"ProfileSettingsPage shows error when nickname exceeds 20 chars","status":"passed","title":"shows error when nickname exceeds 20 chars","duration":433.59370000000035,"failureMessages":[],"meta":{}},{"ancestorTitles":["ProfileSettingsPage"],"fullName":"ProfileSettingsPage shows error banner on API failure","status":"passed","title":"shows error banner on API failure","duration":17.617299999999886,"failureMessages":[],"meta":{}},{"ancestorTitles":["ProfileSettingsPage"],"fullName":"ProfileSettingsPage shows submitting state while saving","status":"passed","title":"shows submitting state while saving","duration":278.7573000000002,"failureMessages":[],"meta":{}}],"startTime":1772860775023,"endTime":1772860776707.7573,"status":"failed","message":"","name":"C:/Users/dce23/EasyWork/frontend/src/pages/__tests__/ProfileSettingsPage.test.tsx"}]}
